[2021-04-29 23:35:17,194] {scheduler_job.py:182} INFO - Started process (PID=13874) to work on /home/chris/all_data/.venv/lib/python3.9/site-packages/airflow/example_dags/example_subdag_operator.py
[2021-04-29 23:35:17,196] {scheduler_job.py:629} INFO - Processing file /home/chris/all_data/.venv/lib/python3.9/site-packages/airflow/example_dags/example_subdag_operator.py for tasks to queue
[2021-04-29 23:35:17,197] {logging_mixin.py:104} INFO - [2021-04-29 23:35:17,197] {dagbag.py:451} INFO - Filling up the DagBag from /home/chris/all_data/.venv/lib/python3.9/site-packages/airflow/example_dags/example_subdag_operator.py
[2021-04-29 23:35:17,227] {scheduler_job.py:639} INFO - DAG(s) dict_keys(['example_subdag_operator.section-1', 'example_subdag_operator.section-2', 'example_subdag_operator']) retrieved from /home/chris/all_data/.venv/lib/python3.9/site-packages/airflow/example_dags/example_subdag_operator.py
[2021-04-29 23:35:17,234] {logging_mixin.py:104} INFO - [2021-04-29 23:35:17,234] {dag.py:1824} INFO - Sync 3 DAGs
[2021-04-29 23:35:17,242] {logging_mixin.py:104} INFO - [2021-04-29 23:35:17,242] {dag.py:2280} INFO - Setting next_dagrun for example_subdag_operator to 2021-04-28 00:00:00+00:00
[2021-04-29 23:35:17,243] {logging_mixin.py:104} INFO - [2021-04-29 23:35:17,243] {dag.py:2280} INFO - Setting next_dagrun for example_subdag_operator.section-1 to None
[2021-04-29 23:35:17,243] {logging_mixin.py:104} INFO - [2021-04-29 23:35:17,243] {dag.py:2280} INFO - Setting next_dagrun for example_subdag_operator.section-2 to None
[2021-04-29 23:35:17,248] {logging_mixin.py:104} INFO - [2021-04-29 23:35:17,248] {dag.py:1824} INFO - Sync 2 DAGs
[2021-04-29 23:35:17,253] {logging_mixin.py:104} INFO - [2021-04-29 23:35:17,253] {dag.py:2280} INFO - Setting next_dagrun for example_subdag_operator.section-1 to None
[2021-04-29 23:35:17,254] {logging_mixin.py:104} INFO - [2021-04-29 23:35:17,254] {dag.py:2280} INFO - Setting next_dagrun for example_subdag_operator.section-2 to None
[2021-04-29 23:35:17,259] {scheduler_job.py:190} INFO - Processing /home/chris/all_data/.venv/lib/python3.9/site-packages/airflow/example_dags/example_subdag_operator.py took 0.070 seconds
[2021-04-29 23:36:03,183] {scheduler_job.py:182} INFO - Started process (PID=13971) to work on /home/chris/all_data/.venv/lib/python3.9/site-packages/airflow/example_dags/example_subdag_operator.py
[2021-04-29 23:36:03,184] {scheduler_job.py:629} INFO - Processing file /home/chris/all_data/.venv/lib/python3.9/site-packages/airflow/example_dags/example_subdag_operator.py for tasks to queue
[2021-04-29 23:36:03,184] {logging_mixin.py:104} INFO - [2021-04-29 23:36:03,184] {dagbag.py:451} INFO - Filling up the DagBag from /home/chris/all_data/.venv/lib/python3.9/site-packages/airflow/example_dags/example_subdag_operator.py
[2021-04-29 23:36:03,199] {scheduler_job.py:639} INFO - DAG(s) dict_keys(['example_subdag_operator.section-1', 'example_subdag_operator.section-2', 'example_subdag_operator']) retrieved from /home/chris/all_data/.venv/lib/python3.9/site-packages/airflow/example_dags/example_subdag_operator.py
[2021-04-29 23:36:03,206] {logging_mixin.py:104} INFO - [2021-04-29 23:36:03,206] {dag.py:1824} INFO - Sync 3 DAGs
[2021-04-29 23:36:03,213] {logging_mixin.py:104} INFO - [2021-04-29 23:36:03,213] {dag.py:2280} INFO - Setting next_dagrun for example_subdag_operator to 2021-04-28 00:00:00+00:00
[2021-04-29 23:36:03,214] {logging_mixin.py:104} INFO - [2021-04-29 23:36:03,214] {dag.py:2280} INFO - Setting next_dagrun for example_subdag_operator.section-1 to None
[2021-04-29 23:36:03,214] {logging_mixin.py:104} INFO - [2021-04-29 23:36:03,214] {dag.py:2280} INFO - Setting next_dagrun for example_subdag_operator.section-2 to None
[2021-04-29 23:36:03,225] {logging_mixin.py:104} INFO - [2021-04-29 23:36:03,225] {dag.py:1824} INFO - Sync 2 DAGs
[2021-04-29 23:36:03,230] {logging_mixin.py:104} INFO - [2021-04-29 23:36:03,230] {dag.py:2280} INFO - Setting next_dagrun for example_subdag_operator.section-1 to None
[2021-04-29 23:36:03,230] {logging_mixin.py:104} INFO - [2021-04-29 23:36:03,230] {dag.py:2280} INFO - Setting next_dagrun for example_subdag_operator.section-2 to None
[2021-04-29 23:36:03,236] {scheduler_job.py:190} INFO - Processing /home/chris/all_data/.venv/lib/python3.9/site-packages/airflow/example_dags/example_subdag_operator.py took 0.055 seconds
[2021-04-29 23:36:34,235] {scheduler_job.py:182} INFO - Started process (PID=14016) to work on /home/chris/all_data/.venv/lib/python3.9/site-packages/airflow/example_dags/example_subdag_operator.py
[2021-04-29 23:36:34,237] {scheduler_job.py:629} INFO - Processing file /home/chris/all_data/.venv/lib/python3.9/site-packages/airflow/example_dags/example_subdag_operator.py for tasks to queue
[2021-04-29 23:36:34,239] {logging_mixin.py:104} INFO - [2021-04-29 23:36:34,238] {dagbag.py:451} INFO - Filling up the DagBag from /home/chris/all_data/.venv/lib/python3.9/site-packages/airflow/example_dags/example_subdag_operator.py
[2021-04-29 23:36:34,264] {scheduler_job.py:639} INFO - DAG(s) dict_keys(['example_subdag_operator.section-1', 'example_subdag_operator.section-2', 'example_subdag_operator']) retrieved from /home/chris/all_data/.venv/lib/python3.9/site-packages/airflow/example_dags/example_subdag_operator.py
[2021-04-29 23:36:34,273] {logging_mixin.py:104} INFO - [2021-04-29 23:36:34,273] {dag.py:1824} INFO - Sync 3 DAGs
[2021-04-29 23:36:34,282] {logging_mixin.py:104} INFO - [2021-04-29 23:36:34,282] {dag.py:2280} INFO - Setting next_dagrun for example_subdag_operator to 2021-04-28 00:00:00+00:00
[2021-04-29 23:36:34,283] {logging_mixin.py:104} INFO - [2021-04-29 23:36:34,283] {dag.py:2280} INFO - Setting next_dagrun for example_subdag_operator.section-1 to None
[2021-04-29 23:36:34,283] {logging_mixin.py:104} INFO - [2021-04-29 23:36:34,283] {dag.py:2280} INFO - Setting next_dagrun for example_subdag_operator.section-2 to None
[2021-04-29 23:36:34,301] {logging_mixin.py:104} INFO - [2021-04-29 23:36:34,301] {dag.py:1824} INFO - Sync 2 DAGs
[2021-04-29 23:36:34,310] {logging_mixin.py:104} INFO - [2021-04-29 23:36:34,310] {dag.py:2280} INFO - Setting next_dagrun for example_subdag_operator.section-1 to None
[2021-04-29 23:36:34,310] {logging_mixin.py:104} INFO - [2021-04-29 23:36:34,310] {dag.py:2280} INFO - Setting next_dagrun for example_subdag_operator.section-2 to None
[2021-04-29 23:36:34,319] {scheduler_job.py:190} INFO - Processing /home/chris/all_data/.venv/lib/python3.9/site-packages/airflow/example_dags/example_subdag_operator.py took 0.092 seconds
[2021-04-29 23:37:04,883] {scheduler_job.py:182} INFO - Started process (PID=14067) to work on /home/chris/all_data/.venv/lib/python3.9/site-packages/airflow/example_dags/example_subdag_operator.py
[2021-04-29 23:37:04,884] {scheduler_job.py:629} INFO - Processing file /home/chris/all_data/.venv/lib/python3.9/site-packages/airflow/example_dags/example_subdag_operator.py for tasks to queue
[2021-04-29 23:37:04,886] {logging_mixin.py:104} INFO - [2021-04-29 23:37:04,885] {dagbag.py:451} INFO - Filling up the DagBag from /home/chris/all_data/.venv/lib/python3.9/site-packages/airflow/example_dags/example_subdag_operator.py
[2021-04-29 23:37:04,916] {scheduler_job.py:639} INFO - DAG(s) dict_keys(['example_subdag_operator.section-1', 'example_subdag_operator.section-2', 'example_subdag_operator']) retrieved from /home/chris/all_data/.venv/lib/python3.9/site-packages/airflow/example_dags/example_subdag_operator.py
[2021-04-29 23:37:04,928] {logging_mixin.py:104} INFO - [2021-04-29 23:37:04,928] {dag.py:1824} INFO - Sync 3 DAGs
[2021-04-29 23:37:04,943] {logging_mixin.py:104} INFO - [2021-04-29 23:37:04,943] {dag.py:2280} INFO - Setting next_dagrun for example_subdag_operator to 2021-04-28 00:00:00+00:00
[2021-04-29 23:37:04,944] {logging_mixin.py:104} INFO - [2021-04-29 23:37:04,944] {dag.py:2280} INFO - Setting next_dagrun for example_subdag_operator.section-1 to None
[2021-04-29 23:37:04,944] {logging_mixin.py:104} INFO - [2021-04-29 23:37:04,944] {dag.py:2280} INFO - Setting next_dagrun for example_subdag_operator.section-2 to None
[2021-04-29 23:37:05,122] {logging_mixin.py:104} INFO - [2021-04-29 23:37:05,121] {dag.py:1824} INFO - Sync 2 DAGs
[2021-04-29 23:37:05,128] {logging_mixin.py:104} INFO - [2021-04-29 23:37:05,128] {dag.py:2280} INFO - Setting next_dagrun for example_subdag_operator.section-1 to None
[2021-04-29 23:37:05,129] {logging_mixin.py:104} INFO - [2021-04-29 23:37:05,128] {dag.py:2280} INFO - Setting next_dagrun for example_subdag_operator.section-2 to None
[2021-04-29 23:37:05,138] {scheduler_job.py:190} INFO - Processing /home/chris/all_data/.venv/lib/python3.9/site-packages/airflow/example_dags/example_subdag_operator.py took 0.259 seconds
[2021-04-29 23:37:35,897] {scheduler_job.py:182} INFO - Started process (PID=14206) to work on /home/chris/all_data/.venv/lib/python3.9/site-packages/airflow/example_dags/example_subdag_operator.py
[2021-04-29 23:37:35,897] {scheduler_job.py:629} INFO - Processing file /home/chris/all_data/.venv/lib/python3.9/site-packages/airflow/example_dags/example_subdag_operator.py for tasks to queue
[2021-04-29 23:37:35,898] {logging_mixin.py:104} INFO - [2021-04-29 23:37:35,898] {dagbag.py:451} INFO - Filling up the DagBag from /home/chris/all_data/.venv/lib/python3.9/site-packages/airflow/example_dags/example_subdag_operator.py
[2021-04-29 23:37:35,914] {scheduler_job.py:639} INFO - DAG(s) dict_keys(['example_subdag_operator.section-1', 'example_subdag_operator.section-2', 'example_subdag_operator']) retrieved from /home/chris/all_data/.venv/lib/python3.9/site-packages/airflow/example_dags/example_subdag_operator.py
[2021-04-29 23:37:35,922] {logging_mixin.py:104} INFO - [2021-04-29 23:37:35,922] {dag.py:1824} INFO - Sync 3 DAGs
[2021-04-29 23:37:35,930] {logging_mixin.py:104} INFO - [2021-04-29 23:37:35,930] {dag.py:2280} INFO - Setting next_dagrun for example_subdag_operator to 2021-04-28 00:00:00+00:00
[2021-04-29 23:37:35,931] {logging_mixin.py:104} INFO - [2021-04-29 23:37:35,931] {dag.py:2280} INFO - Setting next_dagrun for example_subdag_operator.section-1 to None
[2021-04-29 23:37:35,931] {logging_mixin.py:104} INFO - [2021-04-29 23:37:35,931] {dag.py:2280} INFO - Setting next_dagrun for example_subdag_operator.section-2 to None
[2021-04-29 23:37:35,937] {logging_mixin.py:104} INFO - [2021-04-29 23:37:35,937] {dag.py:1824} INFO - Sync 2 DAGs
[2021-04-29 23:37:35,942] {logging_mixin.py:104} INFO - [2021-04-29 23:37:35,942] {dag.py:2280} INFO - Setting next_dagrun for example_subdag_operator.section-1 to None
[2021-04-29 23:37:35,942] {logging_mixin.py:104} INFO - [2021-04-29 23:37:35,942] {dag.py:2280} INFO - Setting next_dagrun for example_subdag_operator.section-2 to None
[2021-04-29 23:37:35,948] {scheduler_job.py:190} INFO - Processing /home/chris/all_data/.venv/lib/python3.9/site-packages/airflow/example_dags/example_subdag_operator.py took 0.053 seconds
[2021-04-29 23:38:06,527] {scheduler_job.py:182} INFO - Started process (PID=14299) to work on /home/chris/all_data/.venv/lib/python3.9/site-packages/airflow/example_dags/example_subdag_operator.py
[2021-04-29 23:38:06,529] {scheduler_job.py:629} INFO - Processing file /home/chris/all_data/.venv/lib/python3.9/site-packages/airflow/example_dags/example_subdag_operator.py for tasks to queue
[2021-04-29 23:38:06,530] {logging_mixin.py:104} INFO - [2021-04-29 23:38:06,530] {dagbag.py:451} INFO - Filling up the DagBag from /home/chris/all_data/.venv/lib/python3.9/site-packages/airflow/example_dags/example_subdag_operator.py
[2021-04-29 23:38:06,552] {scheduler_job.py:639} INFO - DAG(s) dict_keys(['example_subdag_operator.section-1', 'example_subdag_operator.section-2', 'example_subdag_operator']) retrieved from /home/chris/all_data/.venv/lib/python3.9/site-packages/airflow/example_dags/example_subdag_operator.py
[2021-04-29 23:38:06,560] {logging_mixin.py:104} INFO - [2021-04-29 23:38:06,560] {dag.py:1824} INFO - Sync 3 DAGs
[2021-04-29 23:38:06,567] {logging_mixin.py:104} INFO - [2021-04-29 23:38:06,567] {dag.py:2280} INFO - Setting next_dagrun for example_subdag_operator to 2021-04-28 00:00:00+00:00
[2021-04-29 23:38:06,568] {logging_mixin.py:104} INFO - [2021-04-29 23:38:06,568] {dag.py:2280} INFO - Setting next_dagrun for example_subdag_operator.section-1 to None
[2021-04-29 23:38:06,568] {logging_mixin.py:104} INFO - [2021-04-29 23:38:06,568] {dag.py:2280} INFO - Setting next_dagrun for example_subdag_operator.section-2 to None
[2021-04-29 23:38:06,649] {logging_mixin.py:104} INFO - [2021-04-29 23:38:06,648] {dag.py:1824} INFO - Sync 2 DAGs
[2021-04-29 23:38:06,662] {logging_mixin.py:104} INFO - [2021-04-29 23:38:06,662] {dag.py:2280} INFO - Setting next_dagrun for example_subdag_operator.section-1 to None
[2021-04-29 23:38:06,663] {logging_mixin.py:104} INFO - [2021-04-29 23:38:06,663] {dag.py:2280} INFO - Setting next_dagrun for example_subdag_operator.section-2 to None
[2021-04-29 23:38:06,676] {scheduler_job.py:190} INFO - Processing /home/chris/all_data/.venv/lib/python3.9/site-packages/airflow/example_dags/example_subdag_operator.py took 0.155 seconds
