[2021-04-29 23:35:11,135] {scheduler_job.py:182} INFO - Started process (PID=13861) to work on /home/chris/all_data/.venv/lib/python3.9/site-packages/airflow/example_dags/example_latest_only_with_trigger.py
[2021-04-29 23:35:11,136] {scheduler_job.py:629} INFO - Processing file /home/chris/all_data/.venv/lib/python3.9/site-packages/airflow/example_dags/example_latest_only_with_trigger.py for tasks to queue
[2021-04-29 23:35:11,136] {logging_mixin.py:104} INFO - [2021-04-29 23:35:11,136] {dagbag.py:451} INFO - Filling up the DagBag from /home/chris/all_data/.venv/lib/python3.9/site-packages/airflow/example_dags/example_latest_only_with_trigger.py
[2021-04-29 23:35:11,144] {scheduler_job.py:639} INFO - DAG(s) dict_keys(['latest_only_with_trigger']) retrieved from /home/chris/all_data/.venv/lib/python3.9/site-packages/airflow/example_dags/example_latest_only_with_trigger.py
[2021-04-29 23:35:11,155] {logging_mixin.py:104} INFO - [2021-04-29 23:35:11,154] {dag.py:1824} INFO - Sync 1 DAGs
[2021-04-29 23:35:11,163] {logging_mixin.py:104} INFO - [2021-04-29 23:35:11,163] {dag.py:2280} INFO - Setting next_dagrun for latest_only_with_trigger to 2021-04-28 00:00:00+00:00
[2021-04-29 23:35:11,172] {scheduler_job.py:190} INFO - Processing /home/chris/all_data/.venv/lib/python3.9/site-packages/airflow/example_dags/example_latest_only_with_trigger.py took 0.039 seconds
[2021-04-29 23:35:41,837] {scheduler_job.py:182} INFO - Started process (PID=13909) to work on /home/chris/all_data/.venv/lib/python3.9/site-packages/airflow/example_dags/example_latest_only_with_trigger.py
[2021-04-29 23:35:41,839] {scheduler_job.py:629} INFO - Processing file /home/chris/all_data/.venv/lib/python3.9/site-packages/airflow/example_dags/example_latest_only_with_trigger.py for tasks to queue
[2021-04-29 23:35:41,839] {logging_mixin.py:104} INFO - [2021-04-29 23:35:41,839] {dagbag.py:451} INFO - Filling up the DagBag from /home/chris/all_data/.venv/lib/python3.9/site-packages/airflow/example_dags/example_latest_only_with_trigger.py
[2021-04-29 23:35:41,870] {scheduler_job.py:639} INFO - DAG(s) dict_keys(['latest_only_with_trigger']) retrieved from /home/chris/all_data/.venv/lib/python3.9/site-packages/airflow/example_dags/example_latest_only_with_trigger.py
[2021-04-29 23:35:41,901] {logging_mixin.py:104} INFO - [2021-04-29 23:35:41,900] {dag.py:1824} INFO - Sync 1 DAGs
[2021-04-29 23:35:41,942] {logging_mixin.py:104} INFO - [2021-04-29 23:35:41,942] {dag.py:2280} INFO - Setting next_dagrun for latest_only_with_trigger to 2021-04-28 00:00:00+00:00
[2021-04-29 23:35:42,037] {scheduler_job.py:190} INFO - Processing /home/chris/all_data/.venv/lib/python3.9/site-packages/airflow/example_dags/example_latest_only_with_trigger.py took 0.214 seconds
[2021-04-29 23:35:51,976] {scheduler_job.py:182} INFO - Started process (PID=13959) to work on /home/chris/all_data/.venv/lib/python3.9/site-packages/airflow/example_dags/example_latest_only_with_trigger.py
[2021-04-29 23:35:51,977] {scheduler_job.py:629} INFO - Processing file /home/chris/all_data/.venv/lib/python3.9/site-packages/airflow/example_dags/example_latest_only_with_trigger.py for tasks to queue
[2021-04-29 23:35:51,978] {logging_mixin.py:104} INFO - [2021-04-29 23:35:51,977] {dagbag.py:451} INFO - Filling up the DagBag from /home/chris/all_data/.venv/lib/python3.9/site-packages/airflow/example_dags/example_latest_only_with_trigger.py
[2021-04-29 23:35:51,984] {scheduler_job.py:639} INFO - DAG(s) dict_keys(['latest_only_with_trigger']) retrieved from /home/chris/all_data/.venv/lib/python3.9/site-packages/airflow/example_dags/example_latest_only_with_trigger.py
[2021-04-29 23:35:51,994] {logging_mixin.py:104} INFO - [2021-04-29 23:35:51,994] {dag.py:1824} INFO - Sync 1 DAGs
[2021-04-29 23:35:52,001] {logging_mixin.py:104} INFO - [2021-04-29 23:35:52,001] {dag.py:2280} INFO - Setting next_dagrun for latest_only_with_trigger to 2021-04-28 00:00:00+00:00
[2021-04-29 23:35:52,086] {scheduler_job.py:190} INFO - Processing /home/chris/all_data/.venv/lib/python3.9/site-packages/airflow/example_dags/example_latest_only_with_trigger.py took 0.111 seconds
[2021-04-29 23:36:22,784] {scheduler_job.py:182} INFO - Started process (PID=13996) to work on /home/chris/all_data/.venv/lib/python3.9/site-packages/airflow/example_dags/example_latest_only_with_trigger.py
[2021-04-29 23:36:22,785] {scheduler_job.py:629} INFO - Processing file /home/chris/all_data/.venv/lib/python3.9/site-packages/airflow/example_dags/example_latest_only_with_trigger.py for tasks to queue
[2021-04-29 23:36:22,785] {logging_mixin.py:104} INFO - [2021-04-29 23:36:22,785] {dagbag.py:451} INFO - Filling up the DagBag from /home/chris/all_data/.venv/lib/python3.9/site-packages/airflow/example_dags/example_latest_only_with_trigger.py
[2021-04-29 23:36:22,792] {scheduler_job.py:639} INFO - DAG(s) dict_keys(['latest_only_with_trigger']) retrieved from /home/chris/all_data/.venv/lib/python3.9/site-packages/airflow/example_dags/example_latest_only_with_trigger.py
[2021-04-29 23:36:22,801] {logging_mixin.py:104} INFO - [2021-04-29 23:36:22,801] {dag.py:1824} INFO - Sync 1 DAGs
[2021-04-29 23:36:22,808] {logging_mixin.py:104} INFO - [2021-04-29 23:36:22,808] {dag.py:2280} INFO - Setting next_dagrun for latest_only_with_trigger to 2021-04-28 00:00:00+00:00
[2021-04-29 23:36:22,817] {scheduler_job.py:190} INFO - Processing /home/chris/all_data/.venv/lib/python3.9/site-packages/airflow/example_dags/example_latest_only_with_trigger.py took 0.035 seconds
[2021-04-29 23:36:53,539] {scheduler_job.py:182} INFO - Started process (PID=14056) to work on /home/chris/all_data/.venv/lib/python3.9/site-packages/airflow/example_dags/example_latest_only_with_trigger.py
[2021-04-29 23:36:53,541] {scheduler_job.py:629} INFO - Processing file /home/chris/all_data/.venv/lib/python3.9/site-packages/airflow/example_dags/example_latest_only_with_trigger.py for tasks to queue
[2021-04-29 23:36:53,543] {logging_mixin.py:104} INFO - [2021-04-29 23:36:53,543] {dagbag.py:451} INFO - Filling up the DagBag from /home/chris/all_data/.venv/lib/python3.9/site-packages/airflow/example_dags/example_latest_only_with_trigger.py
[2021-04-29 23:36:53,553] {scheduler_job.py:639} INFO - DAG(s) dict_keys(['latest_only_with_trigger']) retrieved from /home/chris/all_data/.venv/lib/python3.9/site-packages/airflow/example_dags/example_latest_only_with_trigger.py
[2021-04-29 23:36:53,566] {logging_mixin.py:104} INFO - [2021-04-29 23:36:53,566] {dag.py:1824} INFO - Sync 1 DAGs
[2021-04-29 23:36:53,577] {logging_mixin.py:104} INFO - [2021-04-29 23:36:53,577] {dag.py:2280} INFO - Setting next_dagrun for latest_only_with_trigger to 2021-04-28 00:00:00+00:00
[2021-04-29 23:36:53,590] {scheduler_job.py:190} INFO - Processing /home/chris/all_data/.venv/lib/python3.9/site-packages/airflow/example_dags/example_latest_only_with_trigger.py took 0.057 seconds
[2021-04-29 23:37:24,357] {scheduler_job.py:182} INFO - Started process (PID=14132) to work on /home/chris/all_data/.venv/lib/python3.9/site-packages/airflow/example_dags/example_latest_only_with_trigger.py
[2021-04-29 23:37:24,360] {scheduler_job.py:629} INFO - Processing file /home/chris/all_data/.venv/lib/python3.9/site-packages/airflow/example_dags/example_latest_only_with_trigger.py for tasks to queue
[2021-04-29 23:37:24,361] {logging_mixin.py:104} INFO - [2021-04-29 23:37:24,361] {dagbag.py:451} INFO - Filling up the DagBag from /home/chris/all_data/.venv/lib/python3.9/site-packages/airflow/example_dags/example_latest_only_with_trigger.py
[2021-04-29 23:37:24,377] {scheduler_job.py:639} INFO - DAG(s) dict_keys(['latest_only_with_trigger']) retrieved from /home/chris/all_data/.venv/lib/python3.9/site-packages/airflow/example_dags/example_latest_only_with_trigger.py
[2021-04-29 23:37:24,389] {logging_mixin.py:104} INFO - [2021-04-29 23:37:24,389] {dag.py:1824} INFO - Sync 1 DAGs
[2021-04-29 23:37:24,396] {logging_mixin.py:104} INFO - [2021-04-29 23:37:24,396] {dag.py:2280} INFO - Setting next_dagrun for latest_only_with_trigger to 2021-04-28 00:00:00+00:00
[2021-04-29 23:37:24,463] {scheduler_job.py:190} INFO - Processing /home/chris/all_data/.venv/lib/python3.9/site-packages/airflow/example_dags/example_latest_only_with_trigger.py took 0.112 seconds
[2021-04-29 23:37:55,380] {scheduler_job.py:182} INFO - Started process (PID=14263) to work on /home/chris/all_data/.venv/lib/python3.9/site-packages/airflow/example_dags/example_latest_only_with_trigger.py
[2021-04-29 23:37:55,381] {scheduler_job.py:629} INFO - Processing file /home/chris/all_data/.venv/lib/python3.9/site-packages/airflow/example_dags/example_latest_only_with_trigger.py for tasks to queue
[2021-04-29 23:37:55,381] {logging_mixin.py:104} INFO - [2021-04-29 23:37:55,381] {dagbag.py:451} INFO - Filling up the DagBag from /home/chris/all_data/.venv/lib/python3.9/site-packages/airflow/example_dags/example_latest_only_with_trigger.py
[2021-04-29 23:37:55,388] {scheduler_job.py:639} INFO - DAG(s) dict_keys(['latest_only_with_trigger']) retrieved from /home/chris/all_data/.venv/lib/python3.9/site-packages/airflow/example_dags/example_latest_only_with_trigger.py
[2021-04-29 23:37:55,396] {logging_mixin.py:104} INFO - [2021-04-29 23:37:55,396] {dag.py:1824} INFO - Sync 1 DAGs
[2021-04-29 23:37:55,404] {logging_mixin.py:104} INFO - [2021-04-29 23:37:55,404] {dag.py:2280} INFO - Setting next_dagrun for latest_only_with_trigger to 2021-04-28 00:00:00+00:00
[2021-04-29 23:37:55,414] {scheduler_job.py:190} INFO - Processing /home/chris/all_data/.venv/lib/python3.9/site-packages/airflow/example_dags/example_latest_only_with_trigger.py took 0.035 seconds
