[2021-04-29 23:35:06,988] {scheduler_job.py:182} INFO - Started process (PID=13852) to work on /home/chris/all_data/.venv/lib/python3.9/site-packages/airflow/example_dags/example_trigger_controller_dag.py
[2021-04-29 23:35:06,989] {scheduler_job.py:629} INFO - Processing file /home/chris/all_data/.venv/lib/python3.9/site-packages/airflow/example_dags/example_trigger_controller_dag.py for tasks to queue
[2021-04-29 23:35:06,989] {logging_mixin.py:104} INFO - [2021-04-29 23:35:06,989] {dagbag.py:451} INFO - Filling up the DagBag from /home/chris/all_data/.venv/lib/python3.9/site-packages/airflow/example_dags/example_trigger_controller_dag.py
[2021-04-29 23:35:06,996] {scheduler_job.py:639} INFO - DAG(s) dict_keys(['example_trigger_controller_dag']) retrieved from /home/chris/all_data/.venv/lib/python3.9/site-packages/airflow/example_dags/example_trigger_controller_dag.py
[2021-04-29 23:35:07,005] {logging_mixin.py:104} INFO - [2021-04-29 23:35:07,005] {dag.py:1824} INFO - Sync 1 DAGs
[2021-04-29 23:35:07,014] {logging_mixin.py:104} INFO - [2021-04-29 23:35:07,013] {dag.py:2280} INFO - Setting next_dagrun for example_trigger_controller_dag to 2021-04-28 00:00:00+00:00
[2021-04-29 23:35:07,096] {scheduler_job.py:190} INFO - Processing /home/chris/all_data/.venv/lib/python3.9/site-packages/airflow/example_dags/example_trigger_controller_dag.py took 0.110 seconds
[2021-04-29 23:35:37,674] {scheduler_job.py:182} INFO - Started process (PID=13905) to work on /home/chris/all_data/.venv/lib/python3.9/site-packages/airflow/example_dags/example_trigger_controller_dag.py
[2021-04-29 23:35:37,675] {scheduler_job.py:629} INFO - Processing file /home/chris/all_data/.venv/lib/python3.9/site-packages/airflow/example_dags/example_trigger_controller_dag.py for tasks to queue
[2021-04-29 23:35:37,675] {logging_mixin.py:104} INFO - [2021-04-29 23:35:37,675] {dagbag.py:451} INFO - Filling up the DagBag from /home/chris/all_data/.venv/lib/python3.9/site-packages/airflow/example_dags/example_trigger_controller_dag.py
[2021-04-29 23:35:37,681] {scheduler_job.py:639} INFO - DAG(s) dict_keys(['example_trigger_controller_dag']) retrieved from /home/chris/all_data/.venv/lib/python3.9/site-packages/airflow/example_dags/example_trigger_controller_dag.py
[2021-04-29 23:35:37,690] {logging_mixin.py:104} INFO - [2021-04-29 23:35:37,690] {dag.py:1824} INFO - Sync 1 DAGs
[2021-04-29 23:35:37,697] {logging_mixin.py:104} INFO - [2021-04-29 23:35:37,697] {dag.py:2280} INFO - Setting next_dagrun for example_trigger_controller_dag to 2021-04-28 00:00:00+00:00
[2021-04-29 23:35:37,782] {scheduler_job.py:190} INFO - Processing /home/chris/all_data/.venv/lib/python3.9/site-packages/airflow/example_dags/example_trigger_controller_dag.py took 0.111 seconds
[2021-04-29 23:36:08,314] {scheduler_job.py:182} INFO - Started process (PID=13976) to work on /home/chris/all_data/.venv/lib/python3.9/site-packages/airflow/example_dags/example_trigger_controller_dag.py
[2021-04-29 23:36:08,314] {scheduler_job.py:629} INFO - Processing file /home/chris/all_data/.venv/lib/python3.9/site-packages/airflow/example_dags/example_trigger_controller_dag.py for tasks to queue
[2021-04-29 23:36:08,315] {logging_mixin.py:104} INFO - [2021-04-29 23:36:08,315] {dagbag.py:451} INFO - Filling up the DagBag from /home/chris/all_data/.venv/lib/python3.9/site-packages/airflow/example_dags/example_trigger_controller_dag.py
[2021-04-29 23:36:08,321] {scheduler_job.py:639} INFO - DAG(s) dict_keys(['example_trigger_controller_dag']) retrieved from /home/chris/all_data/.venv/lib/python3.9/site-packages/airflow/example_dags/example_trigger_controller_dag.py
[2021-04-29 23:36:08,331] {logging_mixin.py:104} INFO - [2021-04-29 23:36:08,331] {dag.py:1824} INFO - Sync 1 DAGs
[2021-04-29 23:36:08,338] {logging_mixin.py:104} INFO - [2021-04-29 23:36:08,338] {dag.py:2280} INFO - Setting next_dagrun for example_trigger_controller_dag to 2021-04-28 00:00:00+00:00
[2021-04-29 23:36:08,423] {scheduler_job.py:190} INFO - Processing /home/chris/all_data/.venv/lib/python3.9/site-packages/airflow/example_dags/example_trigger_controller_dag.py took 0.112 seconds
[2021-04-29 23:36:39,269] {scheduler_job.py:182} INFO - Started process (PID=14039) to work on /home/chris/all_data/.venv/lib/python3.9/site-packages/airflow/example_dags/example_trigger_controller_dag.py
[2021-04-29 23:36:39,270] {scheduler_job.py:629} INFO - Processing file /home/chris/all_data/.venv/lib/python3.9/site-packages/airflow/example_dags/example_trigger_controller_dag.py for tasks to queue
[2021-04-29 23:36:39,270] {logging_mixin.py:104} INFO - [2021-04-29 23:36:39,270] {dagbag.py:451} INFO - Filling up the DagBag from /home/chris/all_data/.venv/lib/python3.9/site-packages/airflow/example_dags/example_trigger_controller_dag.py
[2021-04-29 23:36:39,277] {scheduler_job.py:639} INFO - DAG(s) dict_keys(['example_trigger_controller_dag']) retrieved from /home/chris/all_data/.venv/lib/python3.9/site-packages/airflow/example_dags/example_trigger_controller_dag.py
[2021-04-29 23:36:39,285] {logging_mixin.py:104} INFO - [2021-04-29 23:36:39,285] {dag.py:1824} INFO - Sync 1 DAGs
[2021-04-29 23:36:39,293] {logging_mixin.py:104} INFO - [2021-04-29 23:36:39,293] {dag.py:2280} INFO - Setting next_dagrun for example_trigger_controller_dag to 2021-04-28 00:00:00+00:00
[2021-04-29 23:36:39,378] {scheduler_job.py:190} INFO - Processing /home/chris/all_data/.venv/lib/python3.9/site-packages/airflow/example_dags/example_trigger_controller_dag.py took 0.111 seconds
[2021-04-29 23:37:10,049] {scheduler_job.py:182} INFO - Started process (PID=14072) to work on /home/chris/all_data/.venv/lib/python3.9/site-packages/airflow/example_dags/example_trigger_controller_dag.py
[2021-04-29 23:37:10,051] {scheduler_job.py:629} INFO - Processing file /home/chris/all_data/.venv/lib/python3.9/site-packages/airflow/example_dags/example_trigger_controller_dag.py for tasks to queue
[2021-04-29 23:37:10,052] {logging_mixin.py:104} INFO - [2021-04-29 23:37:10,052] {dagbag.py:451} INFO - Filling up the DagBag from /home/chris/all_data/.venv/lib/python3.9/site-packages/airflow/example_dags/example_trigger_controller_dag.py
[2021-04-29 23:37:10,070] {scheduler_job.py:639} INFO - DAG(s) dict_keys(['example_trigger_controller_dag']) retrieved from /home/chris/all_data/.venv/lib/python3.9/site-packages/airflow/example_dags/example_trigger_controller_dag.py
[2021-04-29 23:37:10,083] {logging_mixin.py:104} INFO - [2021-04-29 23:37:10,083] {dag.py:1824} INFO - Sync 1 DAGs
[2021-04-29 23:37:10,091] {logging_mixin.py:104} INFO - [2021-04-29 23:37:10,090] {dag.py:2280} INFO - Setting next_dagrun for example_trigger_controller_dag to 2021-04-28 00:00:00+00:00
[2021-04-29 23:37:10,177] {scheduler_job.py:190} INFO - Processing /home/chris/all_data/.venv/lib/python3.9/site-packages/airflow/example_dags/example_trigger_controller_dag.py took 0.133 seconds
[2021-04-29 23:37:41,102] {scheduler_job.py:182} INFO - Started process (PID=14228) to work on /home/chris/all_data/.venv/lib/python3.9/site-packages/airflow/example_dags/example_trigger_controller_dag.py
[2021-04-29 23:37:41,104] {scheduler_job.py:629} INFO - Processing file /home/chris/all_data/.venv/lib/python3.9/site-packages/airflow/example_dags/example_trigger_controller_dag.py for tasks to queue
[2021-04-29 23:37:41,105] {logging_mixin.py:104} INFO - [2021-04-29 23:37:41,105] {dagbag.py:451} INFO - Filling up the DagBag from /home/chris/all_data/.venv/lib/python3.9/site-packages/airflow/example_dags/example_trigger_controller_dag.py
[2021-04-29 23:37:41,122] {scheduler_job.py:639} INFO - DAG(s) dict_keys(['example_trigger_controller_dag']) retrieved from /home/chris/all_data/.venv/lib/python3.9/site-packages/airflow/example_dags/example_trigger_controller_dag.py
[2021-04-29 23:37:41,134] {logging_mixin.py:104} INFO - [2021-04-29 23:37:41,134] {dag.py:1824} INFO - Sync 1 DAGs
[2021-04-29 23:37:41,141] {logging_mixin.py:104} INFO - [2021-04-29 23:37:41,141] {dag.py:2280} INFO - Setting next_dagrun for example_trigger_controller_dag to 2021-04-28 00:00:00+00:00
[2021-04-29 23:37:41,227] {scheduler_job.py:190} INFO - Processing /home/chris/all_data/.venv/lib/python3.9/site-packages/airflow/example_dags/example_trigger_controller_dag.py took 0.131 seconds
[2021-04-29 23:38:11,871] {scheduler_job.py:182} INFO - Started process (PID=14310) to work on /home/chris/all_data/.venv/lib/python3.9/site-packages/airflow/example_dags/example_trigger_controller_dag.py
[2021-04-29 23:38:11,874] {scheduler_job.py:629} INFO - Processing file /home/chris/all_data/.venv/lib/python3.9/site-packages/airflow/example_dags/example_trigger_controller_dag.py for tasks to queue
[2021-04-29 23:38:11,876] {logging_mixin.py:104} INFO - [2021-04-29 23:38:11,875] {dagbag.py:451} INFO - Filling up the DagBag from /home/chris/all_data/.venv/lib/python3.9/site-packages/airflow/example_dags/example_trigger_controller_dag.py
[2021-04-29 23:38:11,893] {scheduler_job.py:639} INFO - DAG(s) dict_keys(['example_trigger_controller_dag']) retrieved from /home/chris/all_data/.venv/lib/python3.9/site-packages/airflow/example_dags/example_trigger_controller_dag.py
[2021-04-29 23:38:11,906] {logging_mixin.py:104} INFO - [2021-04-29 23:38:11,906] {dag.py:1824} INFO - Sync 1 DAGs
[2021-04-29 23:38:11,914] {logging_mixin.py:104} INFO - [2021-04-29 23:38:11,914] {dag.py:2280} INFO - Setting next_dagrun for example_trigger_controller_dag to 2021-04-28 00:00:00+00:00
[2021-04-29 23:38:11,924] {scheduler_job.py:190} INFO - Processing /home/chris/all_data/.venv/lib/python3.9/site-packages/airflow/example_dags/example_trigger_controller_dag.py took 0.059 seconds
