[2021-04-29 23:35:17,800] {scheduler_job.py:182} INFO - Started process (PID=13875) to work on /home/chris/all_data/.venv/lib/python3.9/site-packages/airflow/example_dags/example_dag_decorator.py
[2021-04-29 23:35:17,802] {scheduler_job.py:629} INFO - Processing file /home/chris/all_data/.venv/lib/python3.9/site-packages/airflow/example_dags/example_dag_decorator.py for tasks to queue
[2021-04-29 23:35:17,804] {logging_mixin.py:104} INFO - [2021-04-29 23:35:17,803] {dagbag.py:451} INFO - Filling up the DagBag from /home/chris/all_data/.venv/lib/python3.9/site-packages/airflow/example_dags/example_dag_decorator.py
[2021-04-29 23:35:17,825] {scheduler_job.py:639} INFO - DAG(s) dict_keys(['example_dag_decorator']) retrieved from /home/chris/all_data/.venv/lib/python3.9/site-packages/airflow/example_dags/example_dag_decorator.py
[2021-04-29 23:35:17,837] {logging_mixin.py:104} INFO - [2021-04-29 23:35:17,837] {dag.py:1824} INFO - Sync 1 DAGs
[2021-04-29 23:35:17,844] {logging_mixin.py:104} INFO - [2021-04-29 23:35:17,844] {dag.py:2280} INFO - Setting next_dagrun for example_dag_decorator to None
[2021-04-29 23:35:17,854] {scheduler_job.py:190} INFO - Processing /home/chris/all_data/.venv/lib/python3.9/site-packages/airflow/example_dags/example_dag_decorator.py took 0.059 seconds
[2021-04-29 23:36:00,864] {scheduler_job.py:182} INFO - Started process (PID=13969) to work on /home/chris/all_data/.venv/lib/python3.9/site-packages/airflow/example_dags/example_dag_decorator.py
[2021-04-29 23:36:00,865] {scheduler_job.py:629} INFO - Processing file /home/chris/all_data/.venv/lib/python3.9/site-packages/airflow/example_dags/example_dag_decorator.py for tasks to queue
[2021-04-29 23:36:00,865] {logging_mixin.py:104} INFO - [2021-04-29 23:36:00,865] {dagbag.py:451} INFO - Filling up the DagBag from /home/chris/all_data/.venv/lib/python3.9/site-packages/airflow/example_dags/example_dag_decorator.py
[2021-04-29 23:36:00,875] {scheduler_job.py:639} INFO - DAG(s) dict_keys(['example_dag_decorator']) retrieved from /home/chris/all_data/.venv/lib/python3.9/site-packages/airflow/example_dags/example_dag_decorator.py
[2021-04-29 23:36:00,885] {logging_mixin.py:104} INFO - [2021-04-29 23:36:00,885] {dag.py:1824} INFO - Sync 1 DAGs
[2021-04-29 23:36:00,892] {logging_mixin.py:104} INFO - [2021-04-29 23:36:00,892] {dag.py:2280} INFO - Setting next_dagrun for example_dag_decorator to None
[2021-04-29 23:36:00,904] {scheduler_job.py:190} INFO - Processing /home/chris/all_data/.venv/lib/python3.9/site-packages/airflow/example_dags/example_dag_decorator.py took 0.041 seconds
[2021-04-29 23:36:31,842] {scheduler_job.py:182} INFO - Started process (PID=14014) to work on /home/chris/all_data/.venv/lib/python3.9/site-packages/airflow/example_dags/example_dag_decorator.py
[2021-04-29 23:36:31,844] {scheduler_job.py:629} INFO - Processing file /home/chris/all_data/.venv/lib/python3.9/site-packages/airflow/example_dags/example_dag_decorator.py for tasks to queue
[2021-04-29 23:36:31,845] {logging_mixin.py:104} INFO - [2021-04-29 23:36:31,845] {dagbag.py:451} INFO - Filling up the DagBag from /home/chris/all_data/.venv/lib/python3.9/site-packages/airflow/example_dags/example_dag_decorator.py
[2021-04-29 23:36:31,873] {scheduler_job.py:639} INFO - DAG(s) dict_keys(['example_dag_decorator']) retrieved from /home/chris/all_data/.venv/lib/python3.9/site-packages/airflow/example_dags/example_dag_decorator.py
[2021-04-29 23:36:31,892] {logging_mixin.py:104} INFO - [2021-04-29 23:36:31,892] {dag.py:1824} INFO - Sync 1 DAGs
[2021-04-29 23:36:31,900] {logging_mixin.py:104} INFO - [2021-04-29 23:36:31,900] {dag.py:2280} INFO - Setting next_dagrun for example_dag_decorator to None
[2021-04-29 23:36:31,911] {scheduler_job.py:190} INFO - Processing /home/chris/all_data/.venv/lib/python3.9/site-packages/airflow/example_dags/example_dag_decorator.py took 0.074 seconds
[2021-04-29 23:37:02,608] {scheduler_job.py:182} INFO - Started process (PID=14065) to work on /home/chris/all_data/.venv/lib/python3.9/site-packages/airflow/example_dags/example_dag_decorator.py
[2021-04-29 23:37:02,609] {scheduler_job.py:629} INFO - Processing file /home/chris/all_data/.venv/lib/python3.9/site-packages/airflow/example_dags/example_dag_decorator.py for tasks to queue
[2021-04-29 23:37:02,609] {logging_mixin.py:104} INFO - [2021-04-29 23:37:02,609] {dagbag.py:451} INFO - Filling up the DagBag from /home/chris/all_data/.venv/lib/python3.9/site-packages/airflow/example_dags/example_dag_decorator.py
[2021-04-29 23:37:02,626] {scheduler_job.py:639} INFO - DAG(s) dict_keys(['example_dag_decorator']) retrieved from /home/chris/all_data/.venv/lib/python3.9/site-packages/airflow/example_dags/example_dag_decorator.py
[2021-04-29 23:37:02,642] {logging_mixin.py:104} INFO - [2021-04-29 23:37:02,642] {dag.py:1824} INFO - Sync 1 DAGs
[2021-04-29 23:37:02,653] {logging_mixin.py:104} INFO - [2021-04-29 23:37:02,652] {dag.py:2280} INFO - Setting next_dagrun for example_dag_decorator to None
[2021-04-29 23:37:02,667] {scheduler_job.py:190} INFO - Processing /home/chris/all_data/.venv/lib/python3.9/site-packages/airflow/example_dags/example_dag_decorator.py took 0.063 seconds
[2021-04-29 23:37:33,422] {scheduler_job.py:182} INFO - Started process (PID=14175) to work on /home/chris/all_data/.venv/lib/python3.9/site-packages/airflow/example_dags/example_dag_decorator.py
[2021-04-29 23:37:33,423] {scheduler_job.py:629} INFO - Processing file /home/chris/all_data/.venv/lib/python3.9/site-packages/airflow/example_dags/example_dag_decorator.py for tasks to queue
[2021-04-29 23:37:33,423] {logging_mixin.py:104} INFO - [2021-04-29 23:37:33,423] {dagbag.py:451} INFO - Filling up the DagBag from /home/chris/all_data/.venv/lib/python3.9/site-packages/airflow/example_dags/example_dag_decorator.py
[2021-04-29 23:37:33,433] {scheduler_job.py:639} INFO - DAG(s) dict_keys(['example_dag_decorator']) retrieved from /home/chris/all_data/.venv/lib/python3.9/site-packages/airflow/example_dags/example_dag_decorator.py
[2021-04-29 23:37:33,445] {logging_mixin.py:104} INFO - [2021-04-29 23:37:33,444] {dag.py:1824} INFO - Sync 1 DAGs
[2021-04-29 23:37:33,452] {logging_mixin.py:104} INFO - [2021-04-29 23:37:33,452] {dag.py:2280} INFO - Setting next_dagrun for example_dag_decorator to None
[2021-04-29 23:37:33,461] {scheduler_job.py:190} INFO - Processing /home/chris/all_data/.venv/lib/python3.9/site-packages/airflow/example_dags/example_dag_decorator.py took 0.041 seconds
[2021-04-29 23:38:04,432] {scheduler_job.py:182} INFO - Started process (PID=14294) to work on /home/chris/all_data/.venv/lib/python3.9/site-packages/airflow/example_dags/example_dag_decorator.py
[2021-04-29 23:38:04,433] {scheduler_job.py:629} INFO - Processing file /home/chris/all_data/.venv/lib/python3.9/site-packages/airflow/example_dags/example_dag_decorator.py for tasks to queue
[2021-04-29 23:38:04,434] {logging_mixin.py:104} INFO - [2021-04-29 23:38:04,434] {dagbag.py:451} INFO - Filling up the DagBag from /home/chris/all_data/.venv/lib/python3.9/site-packages/airflow/example_dags/example_dag_decorator.py
[2021-04-29 23:38:04,453] {scheduler_job.py:639} INFO - DAG(s) dict_keys(['example_dag_decorator']) retrieved from /home/chris/all_data/.venv/lib/python3.9/site-packages/airflow/example_dags/example_dag_decorator.py
[2021-04-29 23:38:04,468] {logging_mixin.py:104} INFO - [2021-04-29 23:38:04,468] {dag.py:1824} INFO - Sync 1 DAGs
[2021-04-29 23:38:04,478] {logging_mixin.py:104} INFO - [2021-04-29 23:38:04,477] {dag.py:2280} INFO - Setting next_dagrun for example_dag_decorator to None
[2021-04-29 23:38:04,488] {scheduler_job.py:190} INFO - Processing /home/chris/all_data/.venv/lib/python3.9/site-packages/airflow/example_dags/example_dag_decorator.py took 0.060 seconds
