[2021-04-29 23:35:09,904] {scheduler_job.py:182} INFO - Started process (PID=13856) to work on /home/chris/all_data/.venv/lib/python3.9/site-packages/airflow/example_dags/example_short_circuit_operator.py
[2021-04-29 23:35:09,906] {scheduler_job.py:629} INFO - Processing file /home/chris/all_data/.venv/lib/python3.9/site-packages/airflow/example_dags/example_short_circuit_operator.py for tasks to queue
[2021-04-29 23:35:09,907] {logging_mixin.py:104} INFO - [2021-04-29 23:35:09,906] {dagbag.py:451} INFO - Filling up the DagBag from /home/chris/all_data/.venv/lib/python3.9/site-packages/airflow/example_dags/example_short_circuit_operator.py
[2021-04-29 23:35:09,931] {scheduler_job.py:639} INFO - DAG(s) dict_keys(['example_short_circuit_operator']) retrieved from /home/chris/all_data/.venv/lib/python3.9/site-packages/airflow/example_dags/example_short_circuit_operator.py
[2021-04-29 23:35:09,960] {logging_mixin.py:104} INFO - [2021-04-29 23:35:09,959] {dag.py:1824} INFO - Sync 1 DAGs
[2021-04-29 23:35:09,979] {logging_mixin.py:104} INFO - [2021-04-29 23:35:09,979] {dag.py:2280} INFO - Setting next_dagrun for example_short_circuit_operator to 2021-04-28 00:00:00+00:00
[2021-04-29 23:35:10,066] {scheduler_job.py:190} INFO - Processing /home/chris/all_data/.venv/lib/python3.9/site-packages/airflow/example_dags/example_short_circuit_operator.py took 0.168 seconds
[2021-04-29 23:35:40,593] {scheduler_job.py:182} INFO - Started process (PID=13908) to work on /home/chris/all_data/.venv/lib/python3.9/site-packages/airflow/example_dags/example_short_circuit_operator.py
[2021-04-29 23:35:40,595] {scheduler_job.py:629} INFO - Processing file /home/chris/all_data/.venv/lib/python3.9/site-packages/airflow/example_dags/example_short_circuit_operator.py for tasks to queue
[2021-04-29 23:35:40,596] {logging_mixin.py:104} INFO - [2021-04-29 23:35:40,596] {dagbag.py:451} INFO - Filling up the DagBag from /home/chris/all_data/.venv/lib/python3.9/site-packages/airflow/example_dags/example_short_circuit_operator.py
[2021-04-29 23:35:40,617] {scheduler_job.py:639} INFO - DAG(s) dict_keys(['example_short_circuit_operator']) retrieved from /home/chris/all_data/.venv/lib/python3.9/site-packages/airflow/example_dags/example_short_circuit_operator.py
[2021-04-29 23:35:40,630] {logging_mixin.py:104} INFO - [2021-04-29 23:35:40,630] {dag.py:1824} INFO - Sync 1 DAGs
[2021-04-29 23:35:40,637] {logging_mixin.py:104} INFO - [2021-04-29 23:35:40,637] {dag.py:2280} INFO - Setting next_dagrun for example_short_circuit_operator to 2021-04-28 00:00:00+00:00
[2021-04-29 23:35:40,722] {scheduler_job.py:190} INFO - Processing /home/chris/all_data/.venv/lib/python3.9/site-packages/airflow/example_dags/example_short_circuit_operator.py took 0.134 seconds
[2021-04-29 23:35:58,111] {scheduler_job.py:182} INFO - Started process (PID=13966) to work on /home/chris/all_data/.venv/lib/python3.9/site-packages/airflow/example_dags/example_short_circuit_operator.py
[2021-04-29 23:35:58,112] {scheduler_job.py:629} INFO - Processing file /home/chris/all_data/.venv/lib/python3.9/site-packages/airflow/example_dags/example_short_circuit_operator.py for tasks to queue
[2021-04-29 23:35:58,113] {logging_mixin.py:104} INFO - [2021-04-29 23:35:58,112] {dagbag.py:451} INFO - Filling up the DagBag from /home/chris/all_data/.venv/lib/python3.9/site-packages/airflow/example_dags/example_short_circuit_operator.py
[2021-04-29 23:35:58,120] {scheduler_job.py:639} INFO - DAG(s) dict_keys(['example_short_circuit_operator']) retrieved from /home/chris/all_data/.venv/lib/python3.9/site-packages/airflow/example_dags/example_short_circuit_operator.py
[2021-04-29 23:35:58,130] {logging_mixin.py:104} INFO - [2021-04-29 23:35:58,130] {dag.py:1824} INFO - Sync 1 DAGs
[2021-04-29 23:35:58,137] {logging_mixin.py:104} INFO - [2021-04-29 23:35:58,137] {dag.py:2280} INFO - Setting next_dagrun for example_short_circuit_operator to 2021-04-28 00:00:00+00:00
[2021-04-29 23:35:58,222] {scheduler_job.py:190} INFO - Processing /home/chris/all_data/.venv/lib/python3.9/site-packages/airflow/example_dags/example_short_circuit_operator.py took 0.113 seconds
[2021-04-29 23:36:29,067] {scheduler_job.py:182} INFO - Started process (PID=14007) to work on /home/chris/all_data/.venv/lib/python3.9/site-packages/airflow/example_dags/example_short_circuit_operator.py
[2021-04-29 23:36:29,068] {scheduler_job.py:629} INFO - Processing file /home/chris/all_data/.venv/lib/python3.9/site-packages/airflow/example_dags/example_short_circuit_operator.py for tasks to queue
[2021-04-29 23:36:29,068] {logging_mixin.py:104} INFO - [2021-04-29 23:36:29,068] {dagbag.py:451} INFO - Filling up the DagBag from /home/chris/all_data/.venv/lib/python3.9/site-packages/airflow/example_dags/example_short_circuit_operator.py
[2021-04-29 23:36:29,076] {scheduler_job.py:639} INFO - DAG(s) dict_keys(['example_short_circuit_operator']) retrieved from /home/chris/all_data/.venv/lib/python3.9/site-packages/airflow/example_dags/example_short_circuit_operator.py
[2021-04-29 23:36:29,085] {logging_mixin.py:104} INFO - [2021-04-29 23:36:29,085] {dag.py:1824} INFO - Sync 1 DAGs
[2021-04-29 23:36:29,093] {logging_mixin.py:104} INFO - [2021-04-29 23:36:29,093] {dag.py:2280} INFO - Setting next_dagrun for example_short_circuit_operator to 2021-04-28 00:00:00+00:00
[2021-04-29 23:36:29,102] {scheduler_job.py:190} INFO - Processing /home/chris/all_data/.venv/lib/python3.9/site-packages/airflow/example_dags/example_short_circuit_operator.py took 0.037 seconds
[2021-04-29 23:36:59,862] {scheduler_job.py:182} INFO - Started process (PID=14062) to work on /home/chris/all_data/.venv/lib/python3.9/site-packages/airflow/example_dags/example_short_circuit_operator.py
[2021-04-29 23:36:59,865] {scheduler_job.py:629} INFO - Processing file /home/chris/all_data/.venv/lib/python3.9/site-packages/airflow/example_dags/example_short_circuit_operator.py for tasks to queue
[2021-04-29 23:36:59,866] {logging_mixin.py:104} INFO - [2021-04-29 23:36:59,866] {dagbag.py:451} INFO - Filling up the DagBag from /home/chris/all_data/.venv/lib/python3.9/site-packages/airflow/example_dags/example_short_circuit_operator.py
[2021-04-29 23:36:59,885] {scheduler_job.py:639} INFO - DAG(s) dict_keys(['example_short_circuit_operator']) retrieved from /home/chris/all_data/.venv/lib/python3.9/site-packages/airflow/example_dags/example_short_circuit_operator.py
[2021-04-29 23:36:59,896] {logging_mixin.py:104} INFO - [2021-04-29 23:36:59,896] {dag.py:1824} INFO - Sync 1 DAGs
[2021-04-29 23:36:59,904] {logging_mixin.py:104} INFO - [2021-04-29 23:36:59,904] {dag.py:2280} INFO - Setting next_dagrun for example_short_circuit_operator to 2021-04-28 00:00:00+00:00
[2021-04-29 23:36:59,916] {scheduler_job.py:190} INFO - Processing /home/chris/all_data/.venv/lib/python3.9/site-packages/airflow/example_dags/example_short_circuit_operator.py took 0.060 seconds
[2021-04-29 23:37:30,667] {scheduler_job.py:182} INFO - Started process (PID=14159) to work on /home/chris/all_data/.venv/lib/python3.9/site-packages/airflow/example_dags/example_short_circuit_operator.py
[2021-04-29 23:37:30,669] {scheduler_job.py:629} INFO - Processing file /home/chris/all_data/.venv/lib/python3.9/site-packages/airflow/example_dags/example_short_circuit_operator.py for tasks to queue
[2021-04-29 23:37:30,672] {logging_mixin.py:104} INFO - [2021-04-29 23:37:30,671] {dagbag.py:451} INFO - Filling up the DagBag from /home/chris/all_data/.venv/lib/python3.9/site-packages/airflow/example_dags/example_short_circuit_operator.py
[2021-04-29 23:37:30,706] {scheduler_job.py:639} INFO - DAG(s) dict_keys(['example_short_circuit_operator']) retrieved from /home/chris/all_data/.venv/lib/python3.9/site-packages/airflow/example_dags/example_short_circuit_operator.py
[2021-04-29 23:37:30,743] {logging_mixin.py:104} INFO - [2021-04-29 23:37:30,743] {dag.py:1824} INFO - Sync 1 DAGs
[2021-04-29 23:37:30,760] {logging_mixin.py:104} INFO - [2021-04-29 23:37:30,759] {dag.py:2280} INFO - Setting next_dagrun for example_short_circuit_operator to 2021-04-28 00:00:00+00:00
[2021-04-29 23:37:30,774] {scheduler_job.py:190} INFO - Processing /home/chris/all_data/.venv/lib/python3.9/site-packages/airflow/example_dags/example_short_circuit_operator.py took 0.115 seconds
[2021-04-29 23:38:01,579] {scheduler_job.py:182} INFO - Started process (PID=14284) to work on /home/chris/all_data/.venv/lib/python3.9/site-packages/airflow/example_dags/example_short_circuit_operator.py
[2021-04-29 23:38:01,581] {scheduler_job.py:629} INFO - Processing file /home/chris/all_data/.venv/lib/python3.9/site-packages/airflow/example_dags/example_short_circuit_operator.py for tasks to queue
[2021-04-29 23:38:01,582] {logging_mixin.py:104} INFO - [2021-04-29 23:38:01,582] {dagbag.py:451} INFO - Filling up the DagBag from /home/chris/all_data/.venv/lib/python3.9/site-packages/airflow/example_dags/example_short_circuit_operator.py
[2021-04-29 23:38:01,601] {scheduler_job.py:639} INFO - DAG(s) dict_keys(['example_short_circuit_operator']) retrieved from /home/chris/all_data/.venv/lib/python3.9/site-packages/airflow/example_dags/example_short_circuit_operator.py
[2021-04-29 23:38:01,612] {logging_mixin.py:104} INFO - [2021-04-29 23:38:01,612] {dag.py:1824} INFO - Sync 1 DAGs
[2021-04-29 23:38:01,620] {logging_mixin.py:104} INFO - [2021-04-29 23:38:01,620] {dag.py:2280} INFO - Setting next_dagrun for example_short_circuit_operator to 2021-04-28 00:00:00+00:00
[2021-04-29 23:38:01,705] {scheduler_job.py:190} INFO - Processing /home/chris/all_data/.venv/lib/python3.9/site-packages/airflow/example_dags/example_short_circuit_operator.py took 0.131 seconds
