[2021-04-29 23:34:57,427] {scheduler_job.py:182} INFO - Started process (PID=13837) to work on /home/chris/all_data/.venv/lib/python3.9/site-packages/airflow/example_dags/example_external_task_marker_dag.py
[2021-04-29 23:34:57,428] {scheduler_job.py:629} INFO - Processing file /home/chris/all_data/.venv/lib/python3.9/site-packages/airflow/example_dags/example_external_task_marker_dag.py for tasks to queue
[2021-04-29 23:34:57,428] {logging_mixin.py:104} INFO - [2021-04-29 23:34:57,428] {dagbag.py:451} INFO - Filling up the DagBag from /home/chris/all_data/.venv/lib/python3.9/site-packages/airflow/example_dags/example_external_task_marker_dag.py
[2021-04-29 23:34:57,440] {scheduler_job.py:639} INFO - DAG(s) dict_keys(['example_external_task_marker_parent', 'example_external_task_marker_child']) retrieved from /home/chris/all_data/.venv/lib/python3.9/site-packages/airflow/example_dags/example_external_task_marker_dag.py
[2021-04-29 23:34:57,456] {logging_mixin.py:104} INFO - [2021-04-29 23:34:57,456] {dag.py:1824} INFO - Sync 2 DAGs
[2021-04-29 23:34:57,463] {logging_mixin.py:104} INFO - [2021-04-29 23:34:57,463] {dag.py:2280} INFO - Setting next_dagrun for example_external_task_marker_child to None
[2021-04-29 23:34:57,464] {logging_mixin.py:104} INFO - [2021-04-29 23:34:57,464] {dag.py:2280} INFO - Setting next_dagrun for example_external_task_marker_parent to None
[2021-04-29 23:34:57,473] {scheduler_job.py:190} INFO - Processing /home/chris/all_data/.venv/lib/python3.9/site-packages/airflow/example_dags/example_external_task_marker_dag.py took 0.049 seconds
[2021-04-29 23:35:27,538] {scheduler_job.py:182} INFO - Started process (PID=13891) to work on /home/chris/all_data/.venv/lib/python3.9/site-packages/airflow/example_dags/example_external_task_marker_dag.py
[2021-04-29 23:35:27,539] {scheduler_job.py:629} INFO - Processing file /home/chris/all_data/.venv/lib/python3.9/site-packages/airflow/example_dags/example_external_task_marker_dag.py for tasks to queue
[2021-04-29 23:35:27,539] {logging_mixin.py:104} INFO - [2021-04-29 23:35:27,539] {dagbag.py:451} INFO - Filling up the DagBag from /home/chris/all_data/.venv/lib/python3.9/site-packages/airflow/example_dags/example_external_task_marker_dag.py
[2021-04-29 23:35:27,546] {scheduler_job.py:639} INFO - DAG(s) dict_keys(['example_external_task_marker_parent', 'example_external_task_marker_child']) retrieved from /home/chris/all_data/.venv/lib/python3.9/site-packages/airflow/example_dags/example_external_task_marker_dag.py
[2021-04-29 23:35:27,559] {logging_mixin.py:104} INFO - [2021-04-29 23:35:27,558] {dag.py:1824} INFO - Sync 2 DAGs
[2021-04-29 23:35:27,566] {logging_mixin.py:104} INFO - [2021-04-29 23:35:27,566] {dag.py:2280} INFO - Setting next_dagrun for example_external_task_marker_child to None
[2021-04-29 23:35:27,566] {logging_mixin.py:104} INFO - [2021-04-29 23:35:27,566] {dag.py:2280} INFO - Setting next_dagrun for example_external_task_marker_parent to None
[2021-04-29 23:35:27,652] {scheduler_job.py:190} INFO - Processing /home/chris/all_data/.venv/lib/python3.9/site-packages/airflow/example_dags/example_external_task_marker_dag.py took 0.116 seconds
[2021-04-29 23:36:16,081] {scheduler_job.py:182} INFO - Started process (PID=13986) to work on /home/chris/all_data/.venv/lib/python3.9/site-packages/airflow/example_dags/example_external_task_marker_dag.py
[2021-04-29 23:36:16,081] {scheduler_job.py:629} INFO - Processing file /home/chris/all_data/.venv/lib/python3.9/site-packages/airflow/example_dags/example_external_task_marker_dag.py for tasks to queue
[2021-04-29 23:36:16,082] {logging_mixin.py:104} INFO - [2021-04-29 23:36:16,082] {dagbag.py:451} INFO - Filling up the DagBag from /home/chris/all_data/.venv/lib/python3.9/site-packages/airflow/example_dags/example_external_task_marker_dag.py
[2021-04-29 23:36:16,089] {scheduler_job.py:639} INFO - DAG(s) dict_keys(['example_external_task_marker_parent', 'example_external_task_marker_child']) retrieved from /home/chris/all_data/.venv/lib/python3.9/site-packages/airflow/example_dags/example_external_task_marker_dag.py
[2021-04-29 23:36:16,100] {logging_mixin.py:104} INFO - [2021-04-29 23:36:16,100] {dag.py:1824} INFO - Sync 2 DAGs
[2021-04-29 23:36:16,107] {logging_mixin.py:104} INFO - [2021-04-29 23:36:16,107] {dag.py:2280} INFO - Setting next_dagrun for example_external_task_marker_child to None
[2021-04-29 23:36:16,108] {logging_mixin.py:104} INFO - [2021-04-29 23:36:16,108] {dag.py:2280} INFO - Setting next_dagrun for example_external_task_marker_parent to None
[2021-04-29 23:36:16,194] {scheduler_job.py:190} INFO - Processing /home/chris/all_data/.venv/lib/python3.9/site-packages/airflow/example_dags/example_external_task_marker_dag.py took 0.115 seconds
[2021-04-29 23:36:47,296] {scheduler_job.py:182} INFO - Started process (PID=14047) to work on /home/chris/all_data/.venv/lib/python3.9/site-packages/airflow/example_dags/example_external_task_marker_dag.py
[2021-04-29 23:36:47,297] {scheduler_job.py:629} INFO - Processing file /home/chris/all_data/.venv/lib/python3.9/site-packages/airflow/example_dags/example_external_task_marker_dag.py for tasks to queue
[2021-04-29 23:36:47,297] {logging_mixin.py:104} INFO - [2021-04-29 23:36:47,297] {dagbag.py:451} INFO - Filling up the DagBag from /home/chris/all_data/.venv/lib/python3.9/site-packages/airflow/example_dags/example_external_task_marker_dag.py
[2021-04-29 23:36:47,312] {scheduler_job.py:639} INFO - DAG(s) dict_keys(['example_external_task_marker_parent', 'example_external_task_marker_child']) retrieved from /home/chris/all_data/.venv/lib/python3.9/site-packages/airflow/example_dags/example_external_task_marker_dag.py
[2021-04-29 23:36:47,329] {logging_mixin.py:104} INFO - [2021-04-29 23:36:47,329] {dag.py:1824} INFO - Sync 2 DAGs
[2021-04-29 23:36:47,336] {logging_mixin.py:104} INFO - [2021-04-29 23:36:47,336] {dag.py:2280} INFO - Setting next_dagrun for example_external_task_marker_child to None
[2021-04-29 23:36:47,337] {logging_mixin.py:104} INFO - [2021-04-29 23:36:47,337] {dag.py:2280} INFO - Setting next_dagrun for example_external_task_marker_parent to None
[2021-04-29 23:36:47,347] {scheduler_job.py:190} INFO - Processing /home/chris/all_data/.venv/lib/python3.9/site-packages/airflow/example_dags/example_external_task_marker_dag.py took 0.054 seconds
[2021-04-29 23:37:18,068] {scheduler_job.py:182} INFO - Started process (PID=14109) to work on /home/chris/all_data/.venv/lib/python3.9/site-packages/airflow/example_dags/example_external_task_marker_dag.py
[2021-04-29 23:37:18,069] {scheduler_job.py:629} INFO - Processing file /home/chris/all_data/.venv/lib/python3.9/site-packages/airflow/example_dags/example_external_task_marker_dag.py for tasks to queue
[2021-04-29 23:37:18,070] {logging_mixin.py:104} INFO - [2021-04-29 23:37:18,070] {dagbag.py:451} INFO - Filling up the DagBag from /home/chris/all_data/.venv/lib/python3.9/site-packages/airflow/example_dags/example_external_task_marker_dag.py
[2021-04-29 23:37:18,081] {scheduler_job.py:639} INFO - DAG(s) dict_keys(['example_external_task_marker_parent', 'example_external_task_marker_child']) retrieved from /home/chris/all_data/.venv/lib/python3.9/site-packages/airflow/example_dags/example_external_task_marker_dag.py
[2021-04-29 23:37:18,093] {logging_mixin.py:104} INFO - [2021-04-29 23:37:18,093] {dag.py:1824} INFO - Sync 2 DAGs
[2021-04-29 23:37:18,101] {logging_mixin.py:104} INFO - [2021-04-29 23:37:18,101] {dag.py:2280} INFO - Setting next_dagrun for example_external_task_marker_child to None
[2021-04-29 23:37:18,101] {logging_mixin.py:104} INFO - [2021-04-29 23:37:18,101] {dag.py:2280} INFO - Setting next_dagrun for example_external_task_marker_parent to None
[2021-04-29 23:37:18,110] {scheduler_job.py:190} INFO - Processing /home/chris/all_data/.venv/lib/python3.9/site-packages/airflow/example_dags/example_external_task_marker_dag.py took 0.047 seconds
[2021-04-29 23:37:49,126] {scheduler_job.py:182} INFO - Started process (PID=14249) to work on /home/chris/all_data/.venv/lib/python3.9/site-packages/airflow/example_dags/example_external_task_marker_dag.py
[2021-04-29 23:37:49,126] {scheduler_job.py:629} INFO - Processing file /home/chris/all_data/.venv/lib/python3.9/site-packages/airflow/example_dags/example_external_task_marker_dag.py for tasks to queue
[2021-04-29 23:37:49,127] {logging_mixin.py:104} INFO - [2021-04-29 23:37:49,127] {dagbag.py:451} INFO - Filling up the DagBag from /home/chris/all_data/.venv/lib/python3.9/site-packages/airflow/example_dags/example_external_task_marker_dag.py
[2021-04-29 23:37:49,134] {scheduler_job.py:639} INFO - DAG(s) dict_keys(['example_external_task_marker_parent', 'example_external_task_marker_child']) retrieved from /home/chris/all_data/.venv/lib/python3.9/site-packages/airflow/example_dags/example_external_task_marker_dag.py
[2021-04-29 23:37:49,146] {logging_mixin.py:104} INFO - [2021-04-29 23:37:49,146] {dag.py:1824} INFO - Sync 2 DAGs
[2021-04-29 23:37:49,154] {logging_mixin.py:104} INFO - [2021-04-29 23:37:49,154] {dag.py:2280} INFO - Setting next_dagrun for example_external_task_marker_child to None
[2021-04-29 23:37:49,154] {logging_mixin.py:104} INFO - [2021-04-29 23:37:49,154] {dag.py:2280} INFO - Setting next_dagrun for example_external_task_marker_parent to None
[2021-04-29 23:37:49,163] {scheduler_job.py:190} INFO - Processing /home/chris/all_data/.venv/lib/python3.9/site-packages/airflow/example_dags/example_external_task_marker_dag.py took 0.039 seconds
