[2021-04-29 23:35:07,488] {scheduler_job.py:182} INFO - Started process (PID=13853) to work on /home/chris/all_data/.venv/lib/python3.9/site-packages/airflow/example_dags/example_complex.py
[2021-04-29 23:35:07,489] {scheduler_job.py:629} INFO - Processing file /home/chris/all_data/.venv/lib/python3.9/site-packages/airflow/example_dags/example_complex.py for tasks to queue
[2021-04-29 23:35:07,489] {logging_mixin.py:104} INFO - [2021-04-29 23:35:07,489] {dagbag.py:451} INFO - Filling up the DagBag from /home/chris/all_data/.venv/lib/python3.9/site-packages/airflow/example_dags/example_complex.py
[2021-04-29 23:35:07,503] {scheduler_job.py:639} INFO - DAG(s) dict_keys(['example_complex']) retrieved from /home/chris/all_data/.venv/lib/python3.9/site-packages/airflow/example_dags/example_complex.py
[2021-04-29 23:35:07,518] {logging_mixin.py:104} INFO - [2021-04-29 23:35:07,518] {dag.py:1824} INFO - Sync 1 DAGs
[2021-04-29 23:35:07,525] {logging_mixin.py:104} INFO - [2021-04-29 23:35:07,525] {dag.py:2280} INFO - Setting next_dagrun for example_complex to None
[2021-04-29 23:35:07,536] {scheduler_job.py:190} INFO - Processing /home/chris/all_data/.venv/lib/python3.9/site-packages/airflow/example_dags/example_complex.py took 0.051 seconds
[2021-04-29 23:35:38,212] {scheduler_job.py:182} INFO - Started process (PID=13906) to work on /home/chris/all_data/.venv/lib/python3.9/site-packages/airflow/example_dags/example_complex.py
[2021-04-29 23:35:38,214] {scheduler_job.py:629} INFO - Processing file /home/chris/all_data/.venv/lib/python3.9/site-packages/airflow/example_dags/example_complex.py for tasks to queue
[2021-04-29 23:35:38,215] {logging_mixin.py:104} INFO - [2021-04-29 23:35:38,215] {dagbag.py:451} INFO - Filling up the DagBag from /home/chris/all_data/.venv/lib/python3.9/site-packages/airflow/example_dags/example_complex.py
[2021-04-29 23:35:38,238] {scheduler_job.py:639} INFO - DAG(s) dict_keys(['example_complex']) retrieved from /home/chris/all_data/.venv/lib/python3.9/site-packages/airflow/example_dags/example_complex.py
[2021-04-29 23:35:38,251] {logging_mixin.py:104} INFO - [2021-04-29 23:35:38,250] {dag.py:1824} INFO - Sync 1 DAGs
[2021-04-29 23:35:38,257] {logging_mixin.py:104} INFO - [2021-04-29 23:35:38,257] {dag.py:2280} INFO - Setting next_dagrun for example_complex to None
[2021-04-29 23:35:38,268] {scheduler_job.py:190} INFO - Processing /home/chris/all_data/.venv/lib/python3.9/site-packages/airflow/example_dags/example_complex.py took 0.061 seconds
[2021-04-29 23:36:09,565] {scheduler_job.py:182} INFO - Started process (PID=13977) to work on /home/chris/all_data/.venv/lib/python3.9/site-packages/airflow/example_dags/example_complex.py
[2021-04-29 23:36:09,566] {scheduler_job.py:629} INFO - Processing file /home/chris/all_data/.venv/lib/python3.9/site-packages/airflow/example_dags/example_complex.py for tasks to queue
[2021-04-29 23:36:09,566] {logging_mixin.py:104} INFO - [2021-04-29 23:36:09,566] {dagbag.py:451} INFO - Filling up the DagBag from /home/chris/all_data/.venv/lib/python3.9/site-packages/airflow/example_dags/example_complex.py
[2021-04-29 23:36:09,577] {scheduler_job.py:639} INFO - DAG(s) dict_keys(['example_complex']) retrieved from /home/chris/all_data/.venv/lib/python3.9/site-packages/airflow/example_dags/example_complex.py
[2021-04-29 23:36:09,590] {logging_mixin.py:104} INFO - [2021-04-29 23:36:09,590] {dag.py:1824} INFO - Sync 1 DAGs
[2021-04-29 23:36:09,597] {logging_mixin.py:104} INFO - [2021-04-29 23:36:09,597] {dag.py:2280} INFO - Setting next_dagrun for example_complex to None
[2021-04-29 23:36:09,683] {scheduler_job.py:190} INFO - Processing /home/chris/all_data/.venv/lib/python3.9/site-packages/airflow/example_dags/example_complex.py took 0.120 seconds
[2021-04-29 23:36:40,520] {scheduler_job.py:182} INFO - Started process (PID=14040) to work on /home/chris/all_data/.venv/lib/python3.9/site-packages/airflow/example_dags/example_complex.py
[2021-04-29 23:36:40,521] {scheduler_job.py:629} INFO - Processing file /home/chris/all_data/.venv/lib/python3.9/site-packages/airflow/example_dags/example_complex.py for tasks to queue
[2021-04-29 23:36:40,521] {logging_mixin.py:104} INFO - [2021-04-29 23:36:40,521] {dagbag.py:451} INFO - Filling up the DagBag from /home/chris/all_data/.venv/lib/python3.9/site-packages/airflow/example_dags/example_complex.py
[2021-04-29 23:36:40,532] {scheduler_job.py:639} INFO - DAG(s) dict_keys(['example_complex']) retrieved from /home/chris/all_data/.venv/lib/python3.9/site-packages/airflow/example_dags/example_complex.py
[2021-04-29 23:36:40,545] {logging_mixin.py:104} INFO - [2021-04-29 23:36:40,545] {dag.py:1824} INFO - Sync 1 DAGs
[2021-04-29 23:36:40,552] {logging_mixin.py:104} INFO - [2021-04-29 23:36:40,552] {dag.py:2280} INFO - Setting next_dagrun for example_complex to None
[2021-04-29 23:36:40,638] {scheduler_job.py:190} INFO - Processing /home/chris/all_data/.venv/lib/python3.9/site-packages/airflow/example_dags/example_complex.py took 0.119 seconds
[2021-04-29 23:37:11,290] {scheduler_job.py:182} INFO - Started process (PID=14081) to work on /home/chris/all_data/.venv/lib/python3.9/site-packages/airflow/example_dags/example_complex.py
[2021-04-29 23:37:11,291] {scheduler_job.py:629} INFO - Processing file /home/chris/all_data/.venv/lib/python3.9/site-packages/airflow/example_dags/example_complex.py for tasks to queue
[2021-04-29 23:37:11,291] {logging_mixin.py:104} INFO - [2021-04-29 23:37:11,291] {dagbag.py:451} INFO - Filling up the DagBag from /home/chris/all_data/.venv/lib/python3.9/site-packages/airflow/example_dags/example_complex.py
[2021-04-29 23:37:11,303] {scheduler_job.py:639} INFO - DAG(s) dict_keys(['example_complex']) retrieved from /home/chris/all_data/.venv/lib/python3.9/site-packages/airflow/example_dags/example_complex.py
[2021-04-29 23:37:11,316] {logging_mixin.py:104} INFO - [2021-04-29 23:37:11,316] {dag.py:1824} INFO - Sync 1 DAGs
[2021-04-29 23:37:11,324] {logging_mixin.py:104} INFO - [2021-04-29 23:37:11,324] {dag.py:2280} INFO - Setting next_dagrun for example_complex to None
[2021-04-29 23:37:11,342] {scheduler_job.py:190} INFO - Processing /home/chris/all_data/.venv/lib/python3.9/site-packages/airflow/example_dags/example_complex.py took 0.054 seconds
[2021-04-29 23:37:42,346] {scheduler_job.py:182} INFO - Started process (PID=14236) to work on /home/chris/all_data/.venv/lib/python3.9/site-packages/airflow/example_dags/example_complex.py
[2021-04-29 23:37:42,347] {scheduler_job.py:629} INFO - Processing file /home/chris/all_data/.venv/lib/python3.9/site-packages/airflow/example_dags/example_complex.py for tasks to queue
[2021-04-29 23:37:42,348] {logging_mixin.py:104} INFO - [2021-04-29 23:37:42,348] {dagbag.py:451} INFO - Filling up the DagBag from /home/chris/all_data/.venv/lib/python3.9/site-packages/airflow/example_dags/example_complex.py
[2021-04-29 23:37:42,366] {scheduler_job.py:639} INFO - DAG(s) dict_keys(['example_complex']) retrieved from /home/chris/all_data/.venv/lib/python3.9/site-packages/airflow/example_dags/example_complex.py
[2021-04-29 23:37:42,380] {logging_mixin.py:104} INFO - [2021-04-29 23:37:42,380] {dag.py:1824} INFO - Sync 1 DAGs
[2021-04-29 23:37:42,391] {logging_mixin.py:104} INFO - [2021-04-29 23:37:42,391] {dag.py:2280} INFO - Setting next_dagrun for example_complex to None
[2021-04-29 23:37:42,400] {scheduler_job.py:190} INFO - Processing /home/chris/all_data/.venv/lib/python3.9/site-packages/airflow/example_dags/example_complex.py took 0.058 seconds
[2021-04-29 23:38:13,005] {scheduler_job.py:182} INFO - Started process (PID=14311) to work on /home/chris/all_data/.venv/lib/python3.9/site-packages/airflow/example_dags/example_complex.py
[2021-04-29 23:38:13,007] {scheduler_job.py:629} INFO - Processing file /home/chris/all_data/.venv/lib/python3.9/site-packages/airflow/example_dags/example_complex.py for tasks to queue
[2021-04-29 23:38:13,008] {logging_mixin.py:104} INFO - [2021-04-29 23:38:13,008] {dagbag.py:451} INFO - Filling up the DagBag from /home/chris/all_data/.venv/lib/python3.9/site-packages/airflow/example_dags/example_complex.py
[2021-04-29 23:38:13,030] {scheduler_job.py:639} INFO - DAG(s) dict_keys(['example_complex']) retrieved from /home/chris/all_data/.venv/lib/python3.9/site-packages/airflow/example_dags/example_complex.py
[2021-04-29 23:38:13,045] {logging_mixin.py:104} INFO - [2021-04-29 23:38:13,045] {dag.py:1824} INFO - Sync 1 DAGs
[2021-04-29 23:38:13,053] {logging_mixin.py:104} INFO - [2021-04-29 23:38:13,053] {dag.py:2280} INFO - Setting next_dagrun for example_complex to None
[2021-04-29 23:38:13,066] {scheduler_job.py:190} INFO - Processing /home/chris/all_data/.venv/lib/python3.9/site-packages/airflow/example_dags/example_complex.py took 0.068 seconds
