[2021-04-29 23:35:18,937] {scheduler_job.py:182} INFO - Started process (PID=13877) to work on /home/chris/all_data/.venv/lib/python3.9/site-packages/airflow/example_dags/example_kubernetes_executor_config.py
[2021-04-29 23:35:18,939] {scheduler_job.py:629} INFO - Processing file /home/chris/all_data/.venv/lib/python3.9/site-packages/airflow/example_dags/example_kubernetes_executor_config.py for tasks to queue
[2021-04-29 23:35:18,940] {logging_mixin.py:104} INFO - [2021-04-29 23:35:18,940] {dagbag.py:451} INFO - Filling up the DagBag from /home/chris/all_data/.venv/lib/python3.9/site-packages/airflow/example_dags/example_kubernetes_executor_config.py
[2021-04-29 23:35:18,952] {logging_mixin.py:104} INFO - [2021-04-29 23:35:18,952] {example_kubernetes_executor_config.py:175} WARNING - Could not import DAGs in example_kubernetes_executor_config.py: No module named 'kubernetes'
[2021-04-29 23:35:18,952] {logging_mixin.py:104} INFO - [2021-04-29 23:35:18,952] {example_kubernetes_executor_config.py:176} WARNING - Install kubernetes dependencies with: pip install apache-airflow['cncf.kubernetes']
[2021-04-29 23:35:18,952] {scheduler_job.py:641} WARNING - No viable dags retrieved from /home/chris/all_data/.venv/lib/python3.9/site-packages/airflow/example_dags/example_kubernetes_executor_config.py
[2021-04-29 23:35:18,959] {scheduler_job.py:190} INFO - Processing /home/chris/all_data/.venv/lib/python3.9/site-packages/airflow/example_dags/example_kubernetes_executor_config.py took 0.028 seconds
[2021-04-29 23:36:11,201] {scheduler_job.py:182} INFO - Started process (PID=13979) to work on /home/chris/all_data/.venv/lib/python3.9/site-packages/airflow/example_dags/example_kubernetes_executor_config.py
[2021-04-29 23:36:11,203] {scheduler_job.py:629} INFO - Processing file /home/chris/all_data/.venv/lib/python3.9/site-packages/airflow/example_dags/example_kubernetes_executor_config.py for tasks to queue
[2021-04-29 23:36:11,205] {logging_mixin.py:104} INFO - [2021-04-29 23:36:11,204] {dagbag.py:451} INFO - Filling up the DagBag from /home/chris/all_data/.venv/lib/python3.9/site-packages/airflow/example_dags/example_kubernetes_executor_config.py
[2021-04-29 23:36:11,217] {logging_mixin.py:104} INFO - [2021-04-29 23:36:11,217] {example_kubernetes_executor_config.py:175} WARNING - Could not import DAGs in example_kubernetes_executor_config.py: No module named 'kubernetes'
[2021-04-29 23:36:11,217] {logging_mixin.py:104} INFO - [2021-04-29 23:36:11,217] {example_kubernetes_executor_config.py:176} WARNING - Install kubernetes dependencies with: pip install apache-airflow['cncf.kubernetes']
[2021-04-29 23:36:11,218] {scheduler_job.py:641} WARNING - No viable dags retrieved from /home/chris/all_data/.venv/lib/python3.9/site-packages/airflow/example_dags/example_kubernetes_executor_config.py
[2021-04-29 23:36:11,226] {scheduler_job.py:190} INFO - Processing /home/chris/all_data/.venv/lib/python3.9/site-packages/airflow/example_dags/example_kubernetes_executor_config.py took 0.029 seconds
[2021-04-29 23:36:42,128] {scheduler_job.py:182} INFO - Started process (PID=14042) to work on /home/chris/all_data/.venv/lib/python3.9/site-packages/airflow/example_dags/example_kubernetes_executor_config.py
[2021-04-29 23:36:42,129] {scheduler_job.py:629} INFO - Processing file /home/chris/all_data/.venv/lib/python3.9/site-packages/airflow/example_dags/example_kubernetes_executor_config.py for tasks to queue
[2021-04-29 23:36:42,129] {logging_mixin.py:104} INFO - [2021-04-29 23:36:42,129] {dagbag.py:451} INFO - Filling up the DagBag from /home/chris/all_data/.venv/lib/python3.9/site-packages/airflow/example_dags/example_kubernetes_executor_config.py
[2021-04-29 23:36:42,134] {logging_mixin.py:104} INFO - [2021-04-29 23:36:42,133] {example_kubernetes_executor_config.py:175} WARNING - Could not import DAGs in example_kubernetes_executor_config.py: No module named 'kubernetes'
[2021-04-29 23:36:42,134] {logging_mixin.py:104} INFO - [2021-04-29 23:36:42,134] {example_kubernetes_executor_config.py:176} WARNING - Install kubernetes dependencies with: pip install apache-airflow['cncf.kubernetes']
[2021-04-29 23:36:42,134] {scheduler_job.py:641} WARNING - No viable dags retrieved from /home/chris/all_data/.venv/lib/python3.9/site-packages/airflow/example_dags/example_kubernetes_executor_config.py
[2021-04-29 23:36:42,138] {scheduler_job.py:190} INFO - Processing /home/chris/all_data/.venv/lib/python3.9/site-packages/airflow/example_dags/example_kubernetes_executor_config.py took 0.012 seconds
[2021-04-29 23:37:12,916] {scheduler_job.py:182} INFO - Started process (PID=14092) to work on /home/chris/all_data/.venv/lib/python3.9/site-packages/airflow/example_dags/example_kubernetes_executor_config.py
[2021-04-29 23:37:12,918] {scheduler_job.py:629} INFO - Processing file /home/chris/all_data/.venv/lib/python3.9/site-packages/airflow/example_dags/example_kubernetes_executor_config.py for tasks to queue
[2021-04-29 23:37:12,919] {logging_mixin.py:104} INFO - [2021-04-29 23:37:12,919] {dagbag.py:451} INFO - Filling up the DagBag from /home/chris/all_data/.venv/lib/python3.9/site-packages/airflow/example_dags/example_kubernetes_executor_config.py
[2021-04-29 23:37:12,929] {logging_mixin.py:104} INFO - [2021-04-29 23:37:12,929] {example_kubernetes_executor_config.py:175} WARNING - Could not import DAGs in example_kubernetes_executor_config.py: No module named 'kubernetes'
[2021-04-29 23:37:12,929] {logging_mixin.py:104} INFO - [2021-04-29 23:37:12,929] {example_kubernetes_executor_config.py:176} WARNING - Install kubernetes dependencies with: pip install apache-airflow['cncf.kubernetes']
[2021-04-29 23:37:12,930] {scheduler_job.py:641} WARNING - No viable dags retrieved from /home/chris/all_data/.venv/lib/python3.9/site-packages/airflow/example_dags/example_kubernetes_executor_config.py
[2021-04-29 23:37:12,936] {scheduler_job.py:190} INFO - Processing /home/chris/all_data/.venv/lib/python3.9/site-packages/airflow/example_dags/example_kubernetes_executor_config.py took 0.025 seconds
[2021-04-29 23:37:43,971] {scheduler_job.py:182} INFO - Started process (PID=14238) to work on /home/chris/all_data/.venv/lib/python3.9/site-packages/airflow/example_dags/example_kubernetes_executor_config.py
[2021-04-29 23:37:43,974] {scheduler_job.py:629} INFO - Processing file /home/chris/all_data/.venv/lib/python3.9/site-packages/airflow/example_dags/example_kubernetes_executor_config.py for tasks to queue
[2021-04-29 23:37:43,975] {logging_mixin.py:104} INFO - [2021-04-29 23:37:43,975] {dagbag.py:451} INFO - Filling up the DagBag from /home/chris/all_data/.venv/lib/python3.9/site-packages/airflow/example_dags/example_kubernetes_executor_config.py
[2021-04-29 23:37:43,987] {logging_mixin.py:104} INFO - [2021-04-29 23:37:43,987] {example_kubernetes_executor_config.py:175} WARNING - Could not import DAGs in example_kubernetes_executor_config.py: No module named 'kubernetes'
[2021-04-29 23:37:43,987] {logging_mixin.py:104} INFO - [2021-04-29 23:37:43,987] {example_kubernetes_executor_config.py:176} WARNING - Install kubernetes dependencies with: pip install apache-airflow['cncf.kubernetes']
[2021-04-29 23:37:43,988] {scheduler_job.py:641} WARNING - No viable dags retrieved from /home/chris/all_data/.venv/lib/python3.9/site-packages/airflow/example_dags/example_kubernetes_executor_config.py
[2021-04-29 23:37:43,994] {scheduler_job.py:190} INFO - Processing /home/chris/all_data/.venv/lib/python3.9/site-packages/airflow/example_dags/example_kubernetes_executor_config.py took 0.029 seconds
[2021-04-29 23:38:14,717] {scheduler_job.py:182} INFO - Started process (PID=14315) to work on /home/chris/all_data/.venv/lib/python3.9/site-packages/airflow/example_dags/example_kubernetes_executor_config.py
[2021-04-29 23:38:14,720] {scheduler_job.py:629} INFO - Processing file /home/chris/all_data/.venv/lib/python3.9/site-packages/airflow/example_dags/example_kubernetes_executor_config.py for tasks to queue
[2021-04-29 23:38:14,721] {logging_mixin.py:104} INFO - [2021-04-29 23:38:14,721] {dagbag.py:451} INFO - Filling up the DagBag from /home/chris/all_data/.venv/lib/python3.9/site-packages/airflow/example_dags/example_kubernetes_executor_config.py
[2021-04-29 23:38:14,735] {logging_mixin.py:104} INFO - [2021-04-29 23:38:14,735] {example_kubernetes_executor_config.py:175} WARNING - Could not import DAGs in example_kubernetes_executor_config.py: No module named 'kubernetes'
[2021-04-29 23:38:14,735] {logging_mixin.py:104} INFO - [2021-04-29 23:38:14,735] {example_kubernetes_executor_config.py:176} WARNING - Install kubernetes dependencies with: pip install apache-airflow['cncf.kubernetes']
[2021-04-29 23:38:14,736] {scheduler_job.py:641} WARNING - No viable dags retrieved from /home/chris/all_data/.venv/lib/python3.9/site-packages/airflow/example_dags/example_kubernetes_executor_config.py
[2021-04-29 23:38:14,743] {scheduler_job.py:190} INFO - Processing /home/chris/all_data/.venv/lib/python3.9/site-packages/airflow/example_dags/example_kubernetes_executor_config.py took 0.032 seconds
