[2021-04-29 23:35:02,224] {scheduler_job.py:182} INFO - Started process (PID=13844) to work on /home/chris/all_data/.venv/lib/python3.9/site-packages/airflow/example_dags/example_task_group.py
[2021-04-29 23:35:02,225] {scheduler_job.py:629} INFO - Processing file /home/chris/all_data/.venv/lib/python3.9/site-packages/airflow/example_dags/example_task_group.py for tasks to queue
[2021-04-29 23:35:02,225] {logging_mixin.py:104} INFO - [2021-04-29 23:35:02,225] {dagbag.py:451} INFO - Filling up the DagBag from /home/chris/all_data/.venv/lib/python3.9/site-packages/airflow/example_dags/example_task_group.py
[2021-04-29 23:35:02,233] {scheduler_job.py:639} INFO - DAG(s) dict_keys(['example_task_group']) retrieved from /home/chris/all_data/.venv/lib/python3.9/site-packages/airflow/example_dags/example_task_group.py
[2021-04-29 23:35:02,242] {logging_mixin.py:104} INFO - [2021-04-29 23:35:02,242] {dag.py:1824} INFO - Sync 1 DAGs
[2021-04-29 23:35:02,249] {logging_mixin.py:104} INFO - [2021-04-29 23:35:02,249] {dag.py:2280} INFO - Setting next_dagrun for example_task_group to 2021-04-28 00:00:00+00:00
[2021-04-29 23:35:02,334] {scheduler_job.py:190} INFO - Processing /home/chris/all_data/.venv/lib/python3.9/site-packages/airflow/example_dags/example_task_group.py took 0.112 seconds
[2021-04-29 23:35:32,773] {scheduler_job.py:182} INFO - Started process (PID=13897) to work on /home/chris/all_data/.venv/lib/python3.9/site-packages/airflow/example_dags/example_task_group.py
[2021-04-29 23:35:32,774] {scheduler_job.py:629} INFO - Processing file /home/chris/all_data/.venv/lib/python3.9/site-packages/airflow/example_dags/example_task_group.py for tasks to queue
[2021-04-29 23:35:32,774] {logging_mixin.py:104} INFO - [2021-04-29 23:35:32,774] {dagbag.py:451} INFO - Filling up the DagBag from /home/chris/all_data/.venv/lib/python3.9/site-packages/airflow/example_dags/example_task_group.py
[2021-04-29 23:35:32,781] {scheduler_job.py:639} INFO - DAG(s) dict_keys(['example_task_group']) retrieved from /home/chris/all_data/.venv/lib/python3.9/site-packages/airflow/example_dags/example_task_group.py
[2021-04-29 23:35:32,791] {logging_mixin.py:104} INFO - [2021-04-29 23:35:32,791] {dag.py:1824} INFO - Sync 1 DAGs
[2021-04-29 23:35:32,798] {logging_mixin.py:104} INFO - [2021-04-29 23:35:32,798] {dag.py:2280} INFO - Setting next_dagrun for example_task_group to 2021-04-28 00:00:00+00:00
[2021-04-29 23:35:32,883] {scheduler_job.py:190} INFO - Processing /home/chris/all_data/.venv/lib/python3.9/site-packages/airflow/example_dags/example_task_group.py took 0.112 seconds
[2021-04-29 23:36:16,360] {scheduler_job.py:182} INFO - Started process (PID=13987) to work on /home/chris/all_data/.venv/lib/python3.9/site-packages/airflow/example_dags/example_task_group.py
[2021-04-29 23:36:16,360] {scheduler_job.py:629} INFO - Processing file /home/chris/all_data/.venv/lib/python3.9/site-packages/airflow/example_dags/example_task_group.py for tasks to queue
[2021-04-29 23:36:16,361] {logging_mixin.py:104} INFO - [2021-04-29 23:36:16,361] {dagbag.py:451} INFO - Filling up the DagBag from /home/chris/all_data/.venv/lib/python3.9/site-packages/airflow/example_dags/example_task_group.py
[2021-04-29 23:36:16,368] {scheduler_job.py:639} INFO - DAG(s) dict_keys(['example_task_group']) retrieved from /home/chris/all_data/.venv/lib/python3.9/site-packages/airflow/example_dags/example_task_group.py
[2021-04-29 23:36:16,378] {logging_mixin.py:104} INFO - [2021-04-29 23:36:16,377] {dag.py:1824} INFO - Sync 1 DAGs
[2021-04-29 23:36:16,385] {logging_mixin.py:104} INFO - [2021-04-29 23:36:16,385] {dag.py:2280} INFO - Setting next_dagrun for example_task_group to 2021-04-28 00:00:00+00:00
[2021-04-29 23:36:16,393] {scheduler_job.py:190} INFO - Processing /home/chris/all_data/.venv/lib/python3.9/site-packages/airflow/example_dags/example_task_group.py took 0.035 seconds
[2021-04-29 23:36:46,944] {scheduler_job.py:182} INFO - Started process (PID=14046) to work on /home/chris/all_data/.venv/lib/python3.9/site-packages/airflow/example_dags/example_task_group.py
[2021-04-29 23:36:46,946] {scheduler_job.py:629} INFO - Processing file /home/chris/all_data/.venv/lib/python3.9/site-packages/airflow/example_dags/example_task_group.py for tasks to queue
[2021-04-29 23:36:46,947] {logging_mixin.py:104} INFO - [2021-04-29 23:36:46,947] {dagbag.py:451} INFO - Filling up the DagBag from /home/chris/all_data/.venv/lib/python3.9/site-packages/airflow/example_dags/example_task_group.py
[2021-04-29 23:36:46,962] {scheduler_job.py:639} INFO - DAG(s) dict_keys(['example_task_group']) retrieved from /home/chris/all_data/.venv/lib/python3.9/site-packages/airflow/example_dags/example_task_group.py
[2021-04-29 23:36:46,974] {logging_mixin.py:104} INFO - [2021-04-29 23:36:46,974] {dag.py:1824} INFO - Sync 1 DAGs
[2021-04-29 23:36:46,982] {logging_mixin.py:104} INFO - [2021-04-29 23:36:46,982] {dag.py:2280} INFO - Setting next_dagrun for example_task_group to 2021-04-28 00:00:00+00:00
[2021-04-29 23:36:46,993] {scheduler_job.py:190} INFO - Processing /home/chris/all_data/.venv/lib/python3.9/site-packages/airflow/example_dags/example_task_group.py took 0.057 seconds
[2021-04-29 23:37:17,461] {scheduler_job.py:182} INFO - Started process (PID=14107) to work on /home/chris/all_data/.venv/lib/python3.9/site-packages/airflow/example_dags/example_task_group.py
[2021-04-29 23:37:17,462] {scheduler_job.py:629} INFO - Processing file /home/chris/all_data/.venv/lib/python3.9/site-packages/airflow/example_dags/example_task_group.py for tasks to queue
[2021-04-29 23:37:17,463] {logging_mixin.py:104} INFO - [2021-04-29 23:37:17,463] {dagbag.py:451} INFO - Filling up the DagBag from /home/chris/all_data/.venv/lib/python3.9/site-packages/airflow/example_dags/example_task_group.py
[2021-04-29 23:37:17,474] {scheduler_job.py:639} INFO - DAG(s) dict_keys(['example_task_group']) retrieved from /home/chris/all_data/.venv/lib/python3.9/site-packages/airflow/example_dags/example_task_group.py
[2021-04-29 23:37:17,484] {logging_mixin.py:104} INFO - [2021-04-29 23:37:17,484] {dag.py:1824} INFO - Sync 1 DAGs
[2021-04-29 23:37:17,493] {logging_mixin.py:104} INFO - [2021-04-29 23:37:17,493] {dag.py:2280} INFO - Setting next_dagrun for example_task_group to 2021-04-28 00:00:00+00:00
[2021-04-29 23:37:17,501] {scheduler_job.py:190} INFO - Processing /home/chris/all_data/.venv/lib/python3.9/site-packages/airflow/example_dags/example_task_group.py took 0.045 seconds
[2021-04-29 23:37:48,731] {scheduler_job.py:182} INFO - Started process (PID=14244) to work on /home/chris/all_data/.venv/lib/python3.9/site-packages/airflow/example_dags/example_task_group.py
[2021-04-29 23:37:48,733] {scheduler_job.py:629} INFO - Processing file /home/chris/all_data/.venv/lib/python3.9/site-packages/airflow/example_dags/example_task_group.py for tasks to queue
[2021-04-29 23:37:48,734] {logging_mixin.py:104} INFO - [2021-04-29 23:37:48,734] {dagbag.py:451} INFO - Filling up the DagBag from /home/chris/all_data/.venv/lib/python3.9/site-packages/airflow/example_dags/example_task_group.py
[2021-04-29 23:37:48,749] {scheduler_job.py:639} INFO - DAG(s) dict_keys(['example_task_group']) retrieved from /home/chris/all_data/.venv/lib/python3.9/site-packages/airflow/example_dags/example_task_group.py
[2021-04-29 23:37:48,763] {logging_mixin.py:104} INFO - [2021-04-29 23:37:48,763] {dag.py:1824} INFO - Sync 1 DAGs
[2021-04-29 23:37:48,772] {logging_mixin.py:104} INFO - [2021-04-29 23:37:48,772] {dag.py:2280} INFO - Setting next_dagrun for example_task_group to 2021-04-28 00:00:00+00:00
[2021-04-29 23:37:48,784] {scheduler_job.py:190} INFO - Processing /home/chris/all_data/.venv/lib/python3.9/site-packages/airflow/example_dags/example_task_group.py took 0.057 seconds
