[2021-04-29 23:35:22,486] {scheduler_job.py:182} INFO - Started process (PID=13886) to work on /home/chris/all_data/.venv/lib/python3.9/site-packages/airflow/example_dags/tutorial.py
[2021-04-29 23:35:22,488] {scheduler_job.py:629} INFO - Processing file /home/chris/all_data/.venv/lib/python3.9/site-packages/airflow/example_dags/tutorial.py for tasks to queue
[2021-04-29 23:35:22,489] {logging_mixin.py:104} INFO - [2021-04-29 23:35:22,489] {dagbag.py:451} INFO - Filling up the DagBag from /home/chris/all_data/.venv/lib/python3.9/site-packages/airflow/example_dags/tutorial.py
[2021-04-29 23:35:22,507] {scheduler_job.py:639} INFO - DAG(s) dict_keys(['tutorial']) retrieved from /home/chris/all_data/.venv/lib/python3.9/site-packages/airflow/example_dags/tutorial.py
[2021-04-29 23:35:22,519] {logging_mixin.py:104} INFO - [2021-04-29 23:35:22,519] {dag.py:1824} INFO - Sync 1 DAGs
[2021-04-29 23:35:22,527] {logging_mixin.py:104} INFO - [2021-04-29 23:35:22,527] {dag.py:2280} INFO - Setting next_dagrun for tutorial to 2021-04-28 00:00:00+00:00
[2021-04-29 23:35:22,613] {scheduler_job.py:190} INFO - Processing /home/chris/all_data/.venv/lib/python3.9/site-packages/airflow/example_dags/tutorial.py took 0.133 seconds
[2021-04-29 23:36:05,550] {scheduler_job.py:182} INFO - Started process (PID=13973) to work on /home/chris/all_data/.venv/lib/python3.9/site-packages/airflow/example_dags/tutorial.py
[2021-04-29 23:36:05,550] {scheduler_job.py:629} INFO - Processing file /home/chris/all_data/.venv/lib/python3.9/site-packages/airflow/example_dags/tutorial.py for tasks to queue
[2021-04-29 23:36:05,551] {logging_mixin.py:104} INFO - [2021-04-29 23:36:05,551] {dagbag.py:451} INFO - Filling up the DagBag from /home/chris/all_data/.venv/lib/python3.9/site-packages/airflow/example_dags/tutorial.py
[2021-04-29 23:36:05,557] {scheduler_job.py:639} INFO - DAG(s) dict_keys(['tutorial']) retrieved from /home/chris/all_data/.venv/lib/python3.9/site-packages/airflow/example_dags/tutorial.py
[2021-04-29 23:36:05,567] {logging_mixin.py:104} INFO - [2021-04-29 23:36:05,567] {dag.py:1824} INFO - Sync 1 DAGs
[2021-04-29 23:36:05,574] {logging_mixin.py:104} INFO - [2021-04-29 23:36:05,574] {dag.py:2280} INFO - Setting next_dagrun for tutorial to 2021-04-28 00:00:00+00:00
[2021-04-29 23:36:05,658] {scheduler_job.py:190} INFO - Processing /home/chris/all_data/.venv/lib/python3.9/site-packages/airflow/example_dags/tutorial.py took 0.111 seconds
[2021-04-29 23:36:35,853] {scheduler_job.py:182} INFO - Started process (PID=14036) to work on /home/chris/all_data/.venv/lib/python3.9/site-packages/airflow/example_dags/tutorial.py
[2021-04-29 23:36:35,856] {scheduler_job.py:629} INFO - Processing file /home/chris/all_data/.venv/lib/python3.9/site-packages/airflow/example_dags/tutorial.py for tasks to queue
[2021-04-29 23:36:35,858] {logging_mixin.py:104} INFO - [2021-04-29 23:36:35,857] {dagbag.py:451} INFO - Filling up the DagBag from /home/chris/all_data/.venv/lib/python3.9/site-packages/airflow/example_dags/tutorial.py
[2021-04-29 23:36:35,882] {scheduler_job.py:639} INFO - DAG(s) dict_keys(['tutorial']) retrieved from /home/chris/all_data/.venv/lib/python3.9/site-packages/airflow/example_dags/tutorial.py
[2021-04-29 23:36:35,909] {logging_mixin.py:104} INFO - [2021-04-29 23:36:35,909] {dag.py:1824} INFO - Sync 1 DAGs
[2021-04-29 23:36:35,923] {logging_mixin.py:104} INFO - [2021-04-29 23:36:35,922] {dag.py:2280} INFO - Setting next_dagrun for tutorial to 2021-04-28 00:00:00+00:00
[2021-04-29 23:36:35,938] {scheduler_job.py:190} INFO - Processing /home/chris/all_data/.venv/lib/python3.9/site-packages/airflow/example_dags/tutorial.py took 0.091 seconds
[2021-04-29 23:37:07,170] {scheduler_job.py:182} INFO - Started process (PID=14069) to work on /home/chris/all_data/.venv/lib/python3.9/site-packages/airflow/example_dags/tutorial.py
[2021-04-29 23:37:07,171] {scheduler_job.py:629} INFO - Processing file /home/chris/all_data/.venv/lib/python3.9/site-packages/airflow/example_dags/tutorial.py for tasks to queue
[2021-04-29 23:37:07,171] {logging_mixin.py:104} INFO - [2021-04-29 23:37:07,171] {dagbag.py:451} INFO - Filling up the DagBag from /home/chris/all_data/.venv/lib/python3.9/site-packages/airflow/example_dags/tutorial.py
[2021-04-29 23:37:07,178] {scheduler_job.py:639} INFO - DAG(s) dict_keys(['tutorial']) retrieved from /home/chris/all_data/.venv/lib/python3.9/site-packages/airflow/example_dags/tutorial.py
[2021-04-29 23:37:07,187] {logging_mixin.py:104} INFO - [2021-04-29 23:37:07,186] {dag.py:1824} INFO - Sync 1 DAGs
[2021-04-29 23:37:07,194] {logging_mixin.py:104} INFO - [2021-04-29 23:37:07,194] {dag.py:2280} INFO - Setting next_dagrun for tutorial to 2021-04-28 00:00:00+00:00
[2021-04-29 23:37:07,202] {scheduler_job.py:190} INFO - Processing /home/chris/all_data/.venv/lib/python3.9/site-packages/airflow/example_dags/tutorial.py took 0.034 seconds
[2021-04-29 23:37:37,445] {scheduler_job.py:182} INFO - Started process (PID=14224) to work on /home/chris/all_data/.venv/lib/python3.9/site-packages/airflow/example_dags/tutorial.py
[2021-04-29 23:37:37,447] {scheduler_job.py:629} INFO - Processing file /home/chris/all_data/.venv/lib/python3.9/site-packages/airflow/example_dags/tutorial.py for tasks to queue
[2021-04-29 23:37:37,449] {logging_mixin.py:104} INFO - [2021-04-29 23:37:37,448] {dagbag.py:451} INFO - Filling up the DagBag from /home/chris/all_data/.venv/lib/python3.9/site-packages/airflow/example_dags/tutorial.py
[2021-04-29 23:37:37,477] {scheduler_job.py:639} INFO - DAG(s) dict_keys(['tutorial']) retrieved from /home/chris/all_data/.venv/lib/python3.9/site-packages/airflow/example_dags/tutorial.py
[2021-04-29 23:37:37,508] {logging_mixin.py:104} INFO - [2021-04-29 23:37:37,508] {dag.py:1824} INFO - Sync 1 DAGs
[2021-04-29 23:37:37,523] {logging_mixin.py:104} INFO - [2021-04-29 23:37:37,523] {dag.py:2280} INFO - Setting next_dagrun for tutorial to 2021-04-28 00:00:00+00:00
[2021-04-29 23:37:37,577] {scheduler_job.py:190} INFO - Processing /home/chris/all_data/.venv/lib/python3.9/site-packages/airflow/example_dags/tutorial.py took 0.140 seconds
[2021-04-29 23:38:08,906] {scheduler_job.py:182} INFO - Started process (PID=14305) to work on /home/chris/all_data/.venv/lib/python3.9/site-packages/airflow/example_dags/tutorial.py
[2021-04-29 23:38:08,908] {scheduler_job.py:629} INFO - Processing file /home/chris/all_data/.venv/lib/python3.9/site-packages/airflow/example_dags/tutorial.py for tasks to queue
[2021-04-29 23:38:08,910] {logging_mixin.py:104} INFO - [2021-04-29 23:38:08,909] {dagbag.py:451} INFO - Filling up the DagBag from /home/chris/all_data/.venv/lib/python3.9/site-packages/airflow/example_dags/tutorial.py
[2021-04-29 23:38:08,925] {scheduler_job.py:639} INFO - DAG(s) dict_keys(['tutorial']) retrieved from /home/chris/all_data/.venv/lib/python3.9/site-packages/airflow/example_dags/tutorial.py
[2021-04-29 23:38:08,937] {logging_mixin.py:104} INFO - [2021-04-29 23:38:08,937] {dag.py:1824} INFO - Sync 1 DAGs
[2021-04-29 23:38:08,945] {logging_mixin.py:104} INFO - [2021-04-29 23:38:08,944] {dag.py:2280} INFO - Setting next_dagrun for tutorial to 2021-04-28 00:00:00+00:00
[2021-04-29 23:38:08,953] {scheduler_job.py:190} INFO - Processing /home/chris/all_data/.venv/lib/python3.9/site-packages/airflow/example_dags/tutorial.py took 0.053 seconds
